
12/2/2015, 8:52:25 PM

Operating System
  Name                        = Mac OS X
  Version                     = 10.11.1
  Architecture                = 64bit
  # CPUs                      = 4
  Memory                      = 8589934592

Node.js
  Node.js Version             = 4.2.2
  npm Version                 = 3.4.1

Titanium CLI
  CLI Version                 = 5.0.5

Titanium SDK
  SDK Version                 = 5.1.1.GA
  SDK Path                    = /Users/motiurrahman/Library/Application Support/Titanium/mobilesdk/osx/5.1.1.GA
  Target Platform             = android

Command
  /usr/local/bin/node /Users/motiurrahman/.appcelerator/install/5.1.0/package/node_modules/appc-cli-titanium/node_modules/titanium/bin/titanium build --platform android --log-level trace --sdk 5.1.1.GA --project-dir /Users/motiurrahman/Documents/Appcelerator_Studio_Workspace/localDataBase --target emulator --android-sdk /Users/motiurrahman/Library/android-sdk-macosx --device-id Samsung Galaxy S5 - 4.4.4 - API 19 - 1080x1920 --skip-js-minify --liveview --deploy-type development --no-colors --no-progress-bars --no-prompt --prompt-type socket-bundle --prompt-port 49296 --plugin-paths /Users/motiurrahman/.appcelerator/install/5.1.0/package/node_modules --config-file /var/folders/g7/hr883fpd6g3c_23mc4tqkvbh0000gn/T/build-1449067931330.json --no-banner

[DEBUG]  Detecting modules in /Users/motiurrahman/Documents/Appcelerator_Studio_Workspace/localDataBase/modules
[DEBUG]  Detected android module: com.bdtestaidl 1.0 @ /Users/motiurrahman/Documents/Appcelerator_Studio_Workspace/localDataBase/modules/android/com.bdtestaidl/1.0
[DEBUG]  Detecting modules in /Users/motiurrahman/Library/Application Support/Titanium/modules
[DEBUG]  Detected android module: com.appcelerator.apm 1.1.1 @ /Users/motiurrahman/Library/Application Support/Titanium/modules/android/com.appcelerator.apm/1.1.1
[DEBUG]  Detected android module: com.appcelerator.apm 1.1.5 @ /Users/motiurrahman/Library/Application Support/Titanium/modules/android/com.appcelerator.apm/1.1.5
[DEBUG]  Detected android module: com.uxcam 1.0.0 @ /Users/motiurrahman/Library/Application Support/Titanium/modules/android/com.uxcam/1.0.0
[DEBUG]  Detected android module: facebook 4.0.3 @ /Users/motiurrahman/Library/Application Support/Titanium/modules/android/facebook/4.0.3
[DEBUG]  Detected android module: facebook 4.0.5 @ /Users/motiurrahman/Library/Application Support/Titanium/modules/android/facebook/4.0.5
[DEBUG]  Detected android module: ti.cloudpush 3.3.8 @ /Users/motiurrahman/Library/Application Support/Titanium/modules/android/ti.cloudpush/3.3.8
[DEBUG]  Detected android module: ti.cloudpush 3.4.0 @ /Users/motiurrahman/Library/Application Support/Titanium/modules/android/ti.cloudpush/3.4.0
[DEBUG]  Detected android module: ti.inappbilling 3.0.1 @ /Users/motiurrahman/Library/Application Support/Titanium/modules/android/ti.inappbilling/3.0.1
[DEBUG]  Detected android module: ti.map 2.3.0 @ /Users/motiurrahman/Library/Application Support/Titanium/modules/android/ti.map/2.3.0
[DEBUG]  Detected android module: ti.map 2.3.1 @ /Users/motiurrahman/Library/Application Support/Titanium/modules/android/ti.map/2.3.1
[DEBUG]  Detected android module: ti.map 2.3.3 @ /Users/motiurrahman/Library/Application Support/Titanium/modules/android/ti.map/2.3.3
[DEBUG]  Detected android module: ti.map 2.3.4 @ /Users/motiurrahman/Library/Application Support/Titanium/modules/android/ti.map/2.3.4
[DEBUG]  Detected android module: ti.redlaser 1.1.0 @ /Users/motiurrahman/Library/Application Support/Titanium/modules/android/ti.redlaser/1.1.0
[DEBUG]  Detected commonjs module: ti.cloud 3.2.8 @ /Users/motiurrahman/Library/Application Support/Titanium/modules/commonjs/ti.cloud/3.2.8
[DEBUG]  Detected commonjs module: ti.cloud 3.2.9 @ /Users/motiurrahman/Library/Application Support/Titanium/modules/commonjs/ti.cloud/3.2.9
[DEBUG]  Detected iphone module: com.appcelerator.apm 1.1.1 @ /Users/motiurrahman/Library/Application Support/Titanium/modules/iphone/com.appcelerator.apm/1.1.1
[DEBUG]  Detected iphone module: com.appcelerator.apm 1.1.5 @ /Users/motiurrahman/Library/Application Support/Titanium/modules/iphone/com.appcelerator.apm/1.1.5
[DEBUG]  Detected iphone module: com.appcelerator.urlSession 1.1.1 @ /Users/motiurrahman/Library/Application Support/Titanium/modules/iphone/com.appcelerator.urlSession/1.1.1
[DEBUG]  Detected iphone module: com.appcelerator.urlSession 2.0.0 @ /Users/motiurrahman/Library/Application Support/Titanium/modules/iphone/com.appcelerator.urlSession/2.0.0
[DEBUG]  Detected iphone module: com.bd.testmodule 1.1 @ /Users/motiurrahman/Library/Application Support/Titanium/modules/iphone/com.bd.testmodule/1.1
[DEBUG]  Detected iphone module: com.uxcam 1.0.0 @ /Users/motiurrahman/Library/Application Support/Titanium/modules/iphone/com.uxcam/1.0.0
[DEBUG]  Detected iphone module: facebook 4.0.3 @ /Users/motiurrahman/Library/Application Support/Titanium/modules/iphone/facebook/4.0.3
[DEBUG]  Detected iphone module: facebook 4.0.5 @ /Users/motiurrahman/Library/Application Support/Titanium/modules/iphone/facebook/4.0.5
[DEBUG]  Detected iphone module: ti.123push 1.7 @ /Users/motiurrahman/Library/Application Support/Titanium/modules/iphone/ti.123push/1.7
[DEBUG]  Detected iphone module: ti.coremotion 1.1.0 @ /Users/motiurrahman/Library/Application Support/Titanium/modules/iphone/ti.coremotion/1.1.0
[DEBUG]  Detected iphone module: ti.map 2.2.2 @ /Users/motiurrahman/Library/Application Support/Titanium/modules/iphone/ti.map/2.2.2
[DEBUG]  Detected iphone module: ti.map 2.3.1 @ /Users/motiurrahman/Library/Application Support/Titanium/modules/iphone/ti.map/2.3.1
[DEBUG]  Detected iphone module: ti.map 2.3.3 @ /Users/motiurrahman/Library/Application Support/Titanium/modules/iphone/ti.map/2.3.3
[DEBUG]  Detected iphone module: ti.map 2.4.1 @ /Users/motiurrahman/Library/Application Support/Titanium/modules/iphone/ti.map/2.4.1
[DEBUG]  Detected iphone module: ti.redlaser 1.3.1 @ /Users/motiurrahman/Library/Application Support/Titanium/modules/iphone/ti.redlaser/1.3.1
[DEBUG]  Detected iphone module: ti.safaridialog 1.0.1 @ /Users/motiurrahman/Library/Application Support/Titanium/modules/iphone/ti.safaridialog/1.0.1
[DEBUG]  Detected iphone module: ti.safaridialog 1.0.2 @ /Users/motiurrahman/Library/Application Support/Titanium/modules/iphone/ti.safaridialog/1.0.2
[DEBUG]  Detected iphone module: ti.touchid 1.1.0 @ /Users/motiurrahman/Library/Application Support/Titanium/modules/iphone/ti.touchid/1.1.0
[DEBUG]  Detected iphone module: ti.touchid 1.2.0 @ /Users/motiurrahman/Library/Application Support/Titanium/modules/iphone/ti.touchid/1.2.0
[DEBUG]  Looking for Titanium module id=com.uxcam version=latest platform=android deploy-type=development
[INFO]   Found Titanium module id=com.uxcam version=1.0.0 platform=android deploy-type=development path=/Users/motiurrahman/Library/Application Support/Titanium/modules/android/com.uxcam/1.0.0
[DEBUG]  Looking for Titanium module id=com.bdtestaidl version=latest platform=android deploy-type=development
[INFO]   Found Titanium module id=com.bdtestaidl version=1.0 platform=android deploy-type=development path=/Users/motiurrahman/Documents/Appcelerator_Studio_Workspace/localDataBase/modules/android/com.bdtestaidl/1.0
[DEBUG]  No project level plugins to load
[TRACE]  Snapshotting build directory
[DEBUG]  Titanium SDK Android directory: /Users/motiurrahman/Library/Application Support/Titanium/mobilesdk/osx/5.1.1.GA/android
[INFO]   Deploy type: development
[INFO]   Building for target: emulator
[INFO]   Building for emulator: Samsung Galaxy S5 - 4.4.4 - API 19 - 1080x1920
[INFO]   Targeting Android SDK API: 23
[INFO]   Building for the following architectures: armeabi, armeabi-v7a, x86
[INFO]   Signing with keystore: /Users/motiurrahman/Library/Application Support/Titanium/mobilesdk/osx/5.1.1.GA/android/dev_keystore (tidev)
[DEBUG]  App ID: com.bd.localDataBase
[DEBUG]  Classname: Localdatabase
[INFO]   Debugging disabled
[INFO]   Profiler disabled
[INFO]   Forcing rebuild: JavaScript encryption flag changed
[INFO]     Was: true
[INFO]     Now: false
[INFO]   Launching emulator: Samsung Galaxy S5 - 4.4.4 - API 19 - 1080x1920
[TRACE]  Starting emulator: Samsung Galaxy S5 - 4.4.4 - API 19 - 1080x1920
[TRACE]  Checking if emulator Samsung Galaxy S5 - 4.4.4 - API 19 - 1080x1920 is running...
[TRACE]  Detecting if Samsung Galaxy S5 - 4.4.4 - API 19 - 1080x1920 exists...
[TRACE]  Found 6 emulators
[TRACE]  Emulator exists, detecting all running emulators and connected devices...
[TRACE]  Detected 0 running emulators and connected devices
[TRACE]  Emulator not running, detecting running emulators
[TRACE]  Found 6 emulators
[TRACE]  Starting the emulator...
[INFO]   Running: /Applications/Genymotion.app/Contents/MacOS/player --vm-name "Samsung Galaxy S5 - 4.4.4 - API 19 - 1080x1920"
[TRACE]  Emulator is starting, monitoring boot state...
[TRACE]  Checking the boot state for the next 240000 ms
[TRACE]  Waiting for emulator to register with ADB
[TRACE]  Emulator process started
[TRACE]  offline build file /var/folders/g7/hr883fpd6g3c_23mc4tqkvbh0000gn/T/build-390bd7624ebc7eddfc1e7dafe46e94d785565e91.json
[TRACE]  No devices found, continuing to wait
[TRACE]  online 1
[TRACE]  sending request {"json":{"username":"morahman@appcelerator.com","session":"122d13ba22409bc7b8c6dbc93172c7b5f8627255 Rjv98dVbBsHqxZ/5pgnDZf/DN514hDzoKi8ImSJBQlRoCLTQLMf94gH+DqcAWclNeTiZp6ulvJBpQGGjqaIHgGJG6DSi/o9l0VXt8csinPrcyE2cirDvAJxrb+QAPNpQKUll8pTczjdFIFj4IyF4M5N+5dfWREfB8KChJyUhn2LJFJBio49OxA1WDmObEJQixXDTPIct8e3bWrOfbopdi7cGT3VQ24JZ+1NHwKtOmPFTetLiz+qock+iog8nsDvoQCqS5vd3aiPhYEIBNGm3rZAjtvUrZ7iPFeQXcSRRbgjdHVavaBylcuDBXmbkg+lRZOsTwoaOCCE0RwkUGGI6+gezP0nrk+/B1i7YtqhYKwbMxOMwZ40TcuTh7lsqj5fYrTTJQhCwrzInZgDlbadnK31IIZr7yn8Cavac1HfeVrIMLDHoNVy6sGTSiI7zC9y+8Eajh2keQM/sjCw+uOt+ZReMbUztesnlx3Mob5/TTv5Rvb+I9Rqp7yRrd8ld8ly3VC5dej4P9Mqu05GDAgSMs+eSNDj3L2auzZBzayuatN8mAUruL1yBb28Oi0jr/NfBhfsx9F8fimtvv/fslOy9T2ENZ3YJsq/m+MEF63IH8VT4ur39iHqRnF+6wHn8UaQtp4RzhwFuvBhx5/LWT7JmfWxySOwRay5lItBkVuluBFqB5aOcI4Jz0eNnGcDkt2WQ7k7VEJCHmW1lpy408LkwcK3UDXKhVLOVJHs2isqPuRZlMsg+KnJTvgsjwSntouOEa6yU7m7zF6wk4g7d/BKHUGY/6NBIxgzuHG1wfg6tIAc=","ipaddress":"192.168.0.2","fingerprint":"7cbabb78f59b73f186c7e5e782abc4452ffd572e","fingerprint_description":"Mac OSX Serial Number: C1MM8VDKDTY3","guid":"f1273be4-02c6-4cc3-9111-df19554168d1","appid":"com.bd.localDataBase","name":"localDataBase","org_id":100000429,"deploytype":"development","tiappxml":"<?xml version=\"1.0\" encoding=\"UTF-8\"?>\n<ti:app \n  xmlns:ti=\"http://ti.appcelerator.org\">\n  <id>com.bd.localDataBase</id>\n  <name>localDataBase</name>\n  <version>1.0</version>\n  <publisher>motiurrahman</publisher>\n  <url>http://</url>\n  <description>undefined</description>\n  <copyright>2015 by motiurrahman</copyright>\n  <icon>appicon.png</icon>\n  <fullscreen>false</fullscreen>\n  <navbar-hidden>false</navbar-hidden>\n  <analytics>true</analytics>\n  <guid>f1273be4-02c6-4cc3-9111-df19554168d1</guid>\n  <property name=\"ti.ui.defaultunit\" type=\"string\">dp</property>\n  <ios>\n    <plist>\n      <dict>\n        <key>UISupportedInterfaceOrientations~iphone</key>\n        <array>\n          <string>UIInterfaceOrientationPortrait</string>\n        </array>\n        <key>UISupportedInterfaceOrientations~ipad</key>\n        <array>\n          <string>UIInterfaceOrientationPortrait</string>\n          <string>UIInterfaceOrientationPortraitUpsideDown</string>\n          <string>UIInterfaceOrientationLandscapeLeft</string>\n          <string>UIInterfaceOrientationLandscapeRight</string>\n        </array>\n        <key>UIRequiresPersistentWiFi</key>\n        <false/>\n        <key>UIPrerenderedIcon</key>\n        <false/>\n        <key>UIStatusBarHidden</key>\n        <false/>\n        <key>UIStatusBarStyle</key>\n        <string>UIStatusBarStyleDefault</string>\n      </dict>\n    </plist>\n  </ios>\n  <android \n    xmlns:android=\"http://schemas.android.com/apk/res/android\"/>\n    <mobileweb>\n      <precache/>\n      <splash>\n        <enabled>true</enabled>\n        <inline-css-images>true</inline-css-images>\n      </splash>\n      <theme>default</theme>\n    </mobileweb>\n    <modules>\n      <module platform=\"iphone\">com.uxcam</module>\n      <module platform=\"android\">com.uxcam</module>\n      <module platform=\"android\">com.bdtestaidl</module>\n    </modules>\n    <deployment-targets>\n      <target device=\"android\">true</target>\n      <target device=\"ipad\">true</target>\n      <target device=\"iphone\">true</target>\n      <target device=\"mobileweb\">true</target>\n      <target device=\"windows\">false</target>\n    </deployment-targets>\n    <sdk-version>5.1.1.GA</sdk-version>\n    <property name=\"appc-app-id\" type=\"string\">55dc3bfc3fd891b15a8d2613</property>\n  </ti:app>","modules":[{"id":"com.uxcam","platform":["android"],"deployType":["development"],"modulePath":"/Users/motiurrahman/Library/Application Support/Titanium/modules/android/com.uxcam/1.0.0","version":"1.0.0","manifest":{"version":"1.0.0","apiversion":"2","architectures":"armeabi armeabi-v7a x86","description":"uxcam-android","author":"UXCam","license":"Copyright (c) 2015, UXCam","Redistribution and use in binary forms, without modification, are permitted provided that the following conditions are met":"","copyright":"Copyright (c) 2015 by UXCam","name":"uxcam-android","moduleid":"com.uxcam","guid":"5a277c35-5d6e-45e4-a111-b9a4c718e615","platform":"android","minsdk":"3.5.1.RC"},"native":true,"jarName":"uxcam-android.jar","jarFile":"/Users/motiurrahman/Library/Application Support/Titanium/modules/android/com.uxcam/1.0.0/uxcam-android.jar","hash":"a70eedb0db1ff17fa093e05b86a12fad","abis":["armeabi","armeabi-v7a","x86"],"bindings":{"modules":{"com.uxcam.UxcamAndroidModule":{"apiName":"UxcamAndroid"}},"proxies":{"com.uxcam.UxcamAndroidModule":{"methods":{"markUserAsFavorite":{"hasInvocation":false,"apiName":"markUserAsFavorite","defaultValueProvider":"org.appcelerator.kroll.KrollConverter","args":[],"converter":"org.appcelerator.kroll.KrollConverter","runOnUiThread":false,"name":"__default_name__","returnType":"void"},"occludeSensitiveScreen":{"hasInvocation":false,"apiName":"occludeSensitiveScreen","defaultValueProvider":"org.appcelerator.kroll.KrollConverter","args":[{"defaultValueProvider":"org.appcelerator.kroll.KrollConverter","converter":"org.appcelerator.kroll.KrollConverter","sourceName":"occludeSensitiveScreen","name":"occludeSensitiveScreen","type":"boolean"}],"converter":"org.appcelerator.kroll.KrollConverter","runOnUiThread":false,"name":"__default_name__","returnType":"void"},"startWithKey":{"hasInvocation":false,"apiName":"startWithKey","defaultValueProvider":"org.appcelerator.kroll.KrollConverter","args":[{"defaultValueProvider":"org.appcelerator.kroll.KrollConverter","converter":"org.appcelerator.kroll.KrollConverter","sourceName":"key","name":"key","type":"java.lang.String"}],"converter":"org.appcelerator.kroll.KrollConverter","runOnUiThread":false,"name":"__default_name__","returnType":"void"},"addTag":{"hasInvocation":false,"apiName":"addTag","defaultValueProvider":"org.appcelerator.kroll.KrollConverter","args":[{"defaultValueProvider":"org.appcelerator.kroll.KrollConverter","converter":"org.appcelerator.kroll.KrollConverter","sourceName":"event","name":"event","type":"java.lang.String"}],"converter":"org.appcelerator.kroll.KrollConverter","runOnUiThread":false,"name":"__default_name__","returnType":"void"},"tagUsersName":{"hasInvocation":false,"apiName":"tagUsersName","defaultValueProvider":"org.appcelerator.kroll.KrollConverter","args":[{"defaultValueProvider":"org.appcelerator.kroll.KrollConverter","converter":"org.appcelerator.kroll.KrollConverter","sourceName":"name","name":"name","type":"java.lang.String"}],"converter":"org.appcelerator.kroll.KrollConverter","runOnUiThread":false,"name":"__default_name__","returnType":"void"},"tagScreenName":{"hasInvocation":false,"apiName":"tagScreenName","defaultValueProvider":"org.appcelerator.kroll.KrollConverter","args":[{"defaultValueProvider":"org.appcelerator.kroll.KrollConverter","converter":"org.appcelerator.kroll.KrollConverter","sourceName":"screenName","name":"screenName","type":"java.lang.String"}],"converter":"org.appcelerator.kroll.KrollConverter","runOnUiThread":false,"name":"__default_name__","returnType":"void"}},"proxyClassName":"UxcamAndroidModule","superProxyClassName":"KrollModule","proxyAttrs":{"proxyClassName":"com.uxcam.UxcamAndroidModule","id":"com.uxcam","propertyAccessors":[],"isTopLevel":false,"name":"UxcamAndroid","fullAPIName":"UxcamAndroid"},"superProxyBindingClassName":"org.appcelerator.kroll.KrollModuleBindingGen","packageName":"com.uxcam","sourceName":"com.uxcam.UxcamAndroidModuleBindingGen","genClassName":"UxcamAndroidModuleBindingGen","isModule":true,"superPackageName":"org.appcelerator.kroll","onAppCreate":"onAppCreate"}}}},{"id":"com.bdtestaidl","platform":["android"],"deployType":["development"],"modulePath":"/Users/motiurrahman/Documents/Appcelerator_Studio_Workspace/localDataBase/modules/android/com.bdtestaidl/1.0","version":"1.0","manifest":{"version":"1.0","apiversion":"2","architectures":"armeabi armeabi-v7a x86","description":"testaidl","author":"Your Name","license":"Specify your license","copyright":"Copyright (c) 2015 by Your Company","name":"testaidl","moduleid":"com.bdtestaidl","guid":"f8d4352a-2005-4dcb-a846-04dc5a4910a5","platform":"android","minsdk":"4.1.0.GA"},"native":true,"jarName":"testaidl.jar","jarFile":"/Users/motiurrahman/Documents/Appcelerator_Studio_Workspace/localDataBase/modules/android/com.bdtestaidl/1.0/testaidl.jar","hash":"a188dbdc5ac558dbf1e7538165eb5a0b","abis":["armeabi","armeabi-v7a","x86"],"bindings":{"modules":{"com.bdtestaidl.TestaidlModule":{"apiName":"Testaidl","createProxies":[{"proxyClassName":"com.bdtestaidl.ExampleProxy","id":"com.bdtestaidl.ExampleProxy","propertyAccessors":[],"isTopLevel":false,"name":"Example","parentModule":"org.appcelerator.kroll.annotations.Kroll.DEFAULT","creatableInModule":"com.bdtestaidl.TestaidlModule","fullAPIName":"Testaidl.Example"}]}},"proxies":{"com.bdtestaidl.TestaidlModule":{"methods":{"example":{"hasInvocation":false,"apiName":"example","defaultValueProvider":"org.appcelerator.kroll.KrollConverter","args":[],"converter":"org.appcelerator.kroll.KrollConverter","runOnUiThread":false,"name":"__default_name__","returnType":"java.lang.String"}},"proxyClassName":"TestaidlModule","superProxyClassName":"KrollModule","proxyAttrs":{"proxyClassName":"com.bdtestaidl.TestaidlModule","id":"com.bdtestaidl","propertyAccessors":[],"isTopLevel":false,"name":"Testaidl","fullAPIName":"Testaidl"},"superProxyBindingClassName":"org.appcelerator.kroll.KrollModuleBindingGen","packageName":"com.bdtestaidl","dynamicProperties":{"exampleProp":{"setDefaultProviders":["org.appcelerator.kroll.KrollConverter"],"getMethodArgs":[],"get":true,"runOnUiThread":false,"set":true,"getHasInvocation":false,"getMethodName":"getExampleProp","getReturnType":"java.lang.String","setMethodArgs":[{"defaultValueProvider":"org.appcelerator.kroll.KrollConverter","converter":"org.appcelerator.kroll.KrollConverter","sourceName":"value","name":"value","type":"java.lang.String"}],"setReturnType":"void","javascriptConverter":"org.appcelerator.kroll.KrollConverter","getDefaultProviders":[],"defaultValueProvider":"org.appcelerator.kroll.KrollConverter","converter":"org.appcelerator.kroll.KrollConverter","name":"exampleProp","retain":true,"setMethodName":"setExampleProp","nativeConverter":"org.appcelerator.kroll.KrollConverter","setHasInvocation":false}},"sourceName":"com.bdtestaidl.TestaidlModuleBindingGen","genClassName":"TestaidlModuleBindingGen","isModule":true,"superPackageName":"org.appcelerator.kroll","onAppCreate":"onAppCreate"},"com.bdtestaidl.ExampleProxy":{"methods":{"setMessage":{"hasInvocation":false,"apiName":"setMessage","defaultValueProvider":"org.appcelerator.kroll.KrollConverter","args":[{"defaultValueProvider":"org.appcelerator.kroll.KrollConverter","converter":"org.appcelerator.kroll.KrollConverter","sourceName":"message","name":"message","type":"java.lang.String"}],"converter":"org.appcelerator.kroll.KrollConverter","runOnUiThread":false,"name":"__default_name__","returnType":"void"},"getMessage":{"hasInvocation":false,"apiName":"getMessage","defaultValueProvider":"org.appcelerator.kroll.KrollConverter","args":[],"converter":"org.appcelerator.kroll.KrollConverter","runOnUiThread":false,"name":"__default_name__","returnType":"java.lang.String"},"printMessage":{"hasInvocation":false,"apiName":"printMessage","defaultValueProvider":"org.appcelerator.kroll.KrollConverter","args":[{"defaultValueProvider":"org.appcelerator.kroll.KrollConverter","converter":"org.appcelerator.kroll.KrollConverter","sourceName":"message","name":"message","type":"java.lang.String"}],"converter":"org.appcelerator.kroll.KrollConverter","runOnUiThread":false,"name":"__default_name__","returnType":"void"}},"proxyClassName":"ExampleProxy","superProxyClassName":"TiViewProxy","proxyAttrs":{"proxyClassName":"com.bdtestaidl.ExampleProxy","id":"com.bdtestaidl.ExampleProxy","propertyAccessors":[],"isTopLevel":false,"name":"Example","parentModule":"org.appcelerator.kroll.annotations.Kroll.DEFAULT","creatableInModule":"com.bdtestaidl.TestaidlModule","fullAPIName":"Testaidl.Example"},"superProxyBindingClassName":"org.appcelerator.titanium.proxy.TiViewProxyBindingGen","packageName":"com.bdtestaidl","dynamicProperties":{"message":{"setDefaultProviders":["org.appcelerator.kroll.KrollConverter"],"getMethodArgs":[],"get":true,"runOnUiThread":false,"set":true,"getHasInvocation":false,"getMethodName":"getMessage","getReturnType":"java.lang.String","setMethodArgs":[{"defaultValueProvider":"org.appcelerator.kroll.KrollConverter","converter":"org.appcelerator.kroll.KrollConverter","sourceName":"message","name":"message","type":"java.lang.String"}],"setReturnType":"void","javascriptConverter":"org.appcelerator.kroll.KrollConverter","getDefaultProviders":[],"defaultValueProvider":"org.appcelerator.kroll.KrollConverter","converter":"org.appcelerator.kroll.KrollConverter","name":"message","retain":true,"setMethodName":"setMessage","nativeConverter":"org.appcelerator.kroll.KrollConverter","setHasInvocation":false}},"sourceName":"com.bdtestaidl.ExampleProxyBindingGen","genClassName":"ExampleProxyBindingGen","isModule":false,"superPackageName":"org.appcelerator.titanium.proxy"}}}}]},"gzip":true,"followAllRedirects":true,"url":"https://security.appcelerator.com/build-verify"}
[TRACE]  result from /build-verify=> {"key":"vxEUlAcrtBy44LorSFH7PA==","pepper":"oVFCASf1BWsBiVoX/Gzurg==","hmacKey":"2YztPt4ytCHx7N4C4YZX7A==","o":100000429,"u":"f4e06b94-4ca5-4024-afa5-fb7f70fa302f","p":"enterprise","i":"565f05b17b2fc80906614399","success":true}, err=null
[INFO]   JavaScript files need to be encrypted
[DEBUG]  Copying /Users/motiurrahman/Documents/Appcelerator_Studio_Workspace/localDataBase/Resources
[WARN]   Overwriting file /Users/motiurrahman/Documents/Appcelerator_Studio_Workspace/localDataBase/build/android/bin/assets/Resources/KS_nav_ui.png
[DEBUG]  Symlinking /Users/motiurrahman/Documents/Appcelerator_Studio_Workspace/localDataBase/Resources/KS_nav_ui.png => /Users/motiurrahman/Documents/Appcelerator_Studio_Workspace/localDataBase/build/android/bin/assets/Resources/KS_nav_ui.png
[WARN]   Overwriting file /Users/motiurrahman/Documents/Appcelerator_Studio_Workspace/localDataBase/build/android/bin/assets/Resources/KS_nav_views.png
[DEBUG]  Symlinking /Users/motiurrahman/Documents/Appcelerator_Studio_Workspace/localDataBase/Resources/KS_nav_views.png => /Users/motiurrahman/Documents/Appcelerator_Studio_Workspace/localDataBase/build/android/bin/assets/Resources/KS_nav_views.png
[WARN]   Overwriting file /Users/motiurrahman/Documents/Appcelerator_Studio_Workspace/localDataBase/build/android/bin/assets/Resources/TTModel/db/mydatabase1.sqlite
[DEBUG]  Symlinking /Users/motiurrahman/Documents/Appcelerator_Studio_Workspace/localDataBase/Resources/TTModel/db/mydatabase1.sqlite => /Users/motiurrahman/Documents/Appcelerator_Studio_Workspace/localDataBase/build/android/bin/assets/Resources/TTModel/db/mydatabase1.sqlite
[DEBUG]  Ignoring /Users/motiurrahman/Documents/Appcelerator_Studio_Workspace/localDataBase/Resources/android
[DEBUG]  Ignoring /Users/motiurrahman/Documents/Appcelerator_Studio_Workspace/localDataBase/Resources/iphone
[DEBUG]  Ignoring /Users/motiurrahman/Documents/Appcelerator_Studio_Workspace/localDataBase/Resources/mobileweb
[WARN]   Overwriting file /Users/motiurrahman/Documents/Appcelerator_Studio_Workspace/localDataBase/build/android/bin/assets/Resources/myData/mydatabase.sqlite
[DEBUG]  Symlinking /Users/motiurrahman/Documents/Appcelerator_Studio_Workspace/localDataBase/Resources/myData/mydatabase.sqlite => /Users/motiurrahman/Documents/Appcelerator_Studio_Workspace/localDataBase/build/android/bin/assets/Resources/myData/mydatabase.sqlite
[WARN]   Overwriting file /Users/motiurrahman/Documents/Appcelerator_Studio_Workspace/localDataBase/build/android/bin/assets/Resources/myData/mydatabase1.sqlite
[DEBUG]  Symlinking /Users/motiurrahman/Documents/Appcelerator_Studio_Workspace/localDataBase/Resources/myData/mydatabase1.sqlite => /Users/motiurrahman/Documents/Appcelerator_Studio_Workspace/localDataBase/build/android/bin/assets/Resources/myData/mydatabase1.sqlite
[WARN]   Overwriting file /Users/motiurrahman/Documents/Appcelerator_Studio_Workspace/localDataBase/build/android/bin/assets/Resources/mydatabase.sqlite
[DEBUG]  Symlinking /Users/motiurrahman/Documents/Appcelerator_Studio_Workspace/localDataBase/Resources/mydatabase.sqlite => /Users/motiurrahman/Documents/Appcelerator_Studio_Workspace/localDataBase/build/android/bin/assets/Resources/mydatabase.sqlite
[DEBUG]  Copying /Users/motiurrahman/Documents/Appcelerator_Studio_Workspace/localDataBase/Resources/android
[WARN]   Overwriting file /Users/motiurrahman/Documents/Appcelerator_Studio_Workspace/localDataBase/build/android/bin/assets/Resources/appicon.png
[DEBUG]  Symlinking /Users/motiurrahman/Documents/Appcelerator_Studio_Workspace/localDataBase/Resources/android/appicon.png => /Users/motiurrahman/Documents/Appcelerator_Studio_Workspace/localDataBase/build/android/bin/assets/Resources/appicon.png
[DEBUG]  Symlinking /Users/motiurrahman/Documents/Appcelerator_Studio_Workspace/localDataBase/Resources/android/default.png => /Users/motiurrahman/Documents/Appcelerator_Studio_Workspace/localDataBase/build/android/res/drawable/background.png
[DEBUG]  Symlinking /Users/motiurrahman/Documents/Appcelerator_Studio_Workspace/localDataBase/Resources/android/images/res-long-land-hdpi/default.png => /Users/motiurrahman/Documents/Appcelerator_Studio_Workspace/localDataBase/build/android/res/drawable-long-land-hdpi/background.png
[DEBUG]  Symlinking /Users/motiurrahman/Documents/Appcelerator_Studio_Workspace/localDataBase/Resources/android/images/res-long-land-ldpi/default.png => /Users/motiurrahman/Documents/Appcelerator_Studio_Workspace/localDataBase/build/android/res/drawable-long-land-ldpi/background.png
[DEBUG]  Symlinking /Users/motiurrahman/Documents/Appcelerator_Studio_Workspace/localDataBase/Resources/android/images/res-long-port-hdpi/default.png => /Users/motiurrahman/Documents/Appcelerator_Studio_Workspace/localDataBase/build/android/res/drawable-long-port-hdpi/background.png
[DEBUG]  Symlinking /Users/motiurrahman/Documents/Appcelerator_Studio_Workspace/localDataBase/Resources/android/images/res-long-port-ldpi/default.png => /Users/motiurrahman/Documents/Appcelerator_Studio_Workspace/localDataBase/build/android/res/drawable-long-port-ldpi/background.png
[DEBUG]  Symlinking /Users/motiurrahman/Documents/Appcelerator_Studio_Workspace/localDataBase/Resources/android/images/res-notlong-land-hdpi/default.png => /Users/motiurrahman/Documents/Appcelerator_Studio_Workspace/localDataBase/build/android/res/drawable-notlong-land-hdpi/background.png
[DEBUG]  Symlinking /Users/motiurrahman/Documents/Appcelerator_Studio_Workspace/localDataBase/Resources/android/images/res-notlong-land-ldpi/default.png => /Users/motiurrahman/Documents/Appcelerator_Studio_Workspace/localDataBase/build/android/res/drawable-notlong-land-ldpi/background.png
[DEBUG]  Symlinking /Users/motiurrahman/Documents/Appcelerator_Studio_Workspace/localDataBase/Resources/android/images/res-notlong-land-mdpi/default.png => /Users/motiurrahman/Documents/Appcelerator_Studio_Workspace/localDataBase/build/android/res/drawable-notlong-land-mdpi/background.png
[DEBUG]  Symlinking /Users/motiurrahman/Documents/Appcelerator_Studio_Workspace/localDataBase/Resources/android/images/res-notlong-port-hdpi/default.png => /Users/motiurrahman/Documents/Appcelerator_Studio_Workspace/localDataBase/build/android/res/drawable-notlong-port-hdpi/background.png
[DEBUG]  Symlinking /Users/motiurrahman/Documents/Appcelerator_Studio_Workspace/localDataBase/Resources/android/images/res-notlong-port-ldpi/default.png => /Users/motiurrahman/Documents/Appcelerator_Studio_Workspace/localDataBase/build/android/res/drawable-notlong-port-ldpi/background.png
[DEBUG]  Symlinking /Users/motiurrahman/Documents/Appcelerator_Studio_Workspace/localDataBase/Resources/android/images/res-notlong-port-mdpi/default.png => /Users/motiurrahman/Documents/Appcelerator_Studio_Workspace/localDataBase/build/android/res/drawable-notlong-port-mdpi/background.png
[DEBUG]  Symlinking /Users/motiurrahman/Documents/Appcelerator_Studio_Workspace/localDataBase/build/android/bin/assets/Resources/appicon.png => /Users/motiurrahman/Documents/Appcelerator_Studio_Workspace/localDataBase/build/android/res/drawable/appicon.png
[INFO]   Processing JavaScript files
[DEBUG]  Symlinking /var/folders/g7/hr883fpd6g3c_23mc4tqkvbh0000gn/T/liveview.js => /Users/motiurrahman/Documents/Appcelerator_Studio_Workspace/localDataBase/build/android/assets/app.js
[DEBUG]  Symlinking /Users/motiurrahman/Documents/Appcelerator_Studio_Workspace/localDataBase/Resources/lib/db.js => /Users/motiurrahman/Documents/Appcelerator_Studio_Workspace/localDataBase/build/android/assets/lib/db.js
[DEBUG]  Symlinking /Users/motiurrahman/Documents/Appcelerator_Studio_Workspace/localDataBase/Resources/ui/common/FirstView.js => /Users/motiurrahman/Documents/Appcelerator_Studio_Workspace/localDataBase/build/android/assets/ui/common/FirstView.js
[DEBUG]  Symlinking /Users/motiurrahman/Documents/Appcelerator_Studio_Workspace/localDataBase/Resources/ui/handheld/ApplicationWindow.js => /Users/motiurrahman/Documents/Appcelerator_Studio_Workspace/localDataBase/build/android/assets/ui/handheld/ApplicationWindow.js
[DEBUG]  Symlinking /Users/motiurrahman/Documents/Appcelerator_Studio_Workspace/localDataBase/Resources/ui/handheld/android/ApplicationWindow.js => /Users/motiurrahman/Documents/Appcelerator_Studio_Workspace/localDataBase/build/android/assets/ui/handheld/android/ApplicationWindow.js
[DEBUG]  Symlinking /Users/motiurrahman/Documents/Appcelerator_Studio_Workspace/localDataBase/Resources/ui/tablet/ApplicationWindow.js => /Users/motiurrahman/Documents/Appcelerator_Studio_Workspace/localDataBase/build/android/assets/ui/tablet/ApplicationWindow.js
[INFO]   Encrypting JavaScript files: /Users/motiurrahman/Library/Application Support/Titanium/mobilesdk/osx/5.1.1.GA/android/titanium_prep.macos "com.bd.localDataBase" "/Users/motiurrahman/Documents/Appcelerator_Studio_Workspace/localDataBase/build/android/assets" "app.js" "lib/db.js" "ui/common/FirstView.js" "ui/handheld/ApplicationWindow.js" "ui/handheld/android/ApplicationWindow.js" "ui/tablet/ApplicationWindow.js" "_app_props_.json"
[DEBUG]  Adding library /Users/motiurrahman/Library/Application Support/Titanium/mobilesdk/osx/5.1.1.GA/android/kroll-v8.jar
[DEBUG]  Adding library /Users/motiurrahman/Library/Application Support/Titanium/mobilesdk/osx/5.1.1.GA/android/modules/titanium-analytics.jar
[DEBUG]  Adding dependency library /Users/motiurrahman/Library/Application Support/Titanium/mobilesdk/osx/5.1.1.GA/android/aps-analytics.jar
[DEBUG]  Adding library /Users/motiurrahman/Library/Application Support/Titanium/mobilesdk/osx/5.1.1.GA/android/modules/titanium-android.jar
[DEBUG]  Adding dependency library /Users/motiurrahman/Library/Application Support/Titanium/mobilesdk/osx/5.1.1.GA/android/jaxen-1.1.1.jar
[DEBUG]  Adding dependency library /Users/motiurrahman/Library/Application Support/Titanium/mobilesdk/osx/5.1.1.GA/android/ti-commons-codec-1.3.jar
[DEBUG]  Adding dependency library /Users/motiurrahman/Library/Application Support/Titanium/mobilesdk/osx/5.1.1.GA/android/kroll-common.jar
[DEBUG]  Adding dependency library /Users/motiurrahman/Library/Application Support/Titanium/mobilesdk/osx/5.1.1.GA/android/titanium.jar
[DEBUG]  Adding library /Users/motiurrahman/Library/Application Support/Titanium/mobilesdk/osx/5.1.1.GA/android/modules/titanium-app.jar
[DEBUG]  Adding library /Users/motiurrahman/Library/Application Support/Titanium/mobilesdk/osx/5.1.1.GA/android/modules/titanium-ui.jar
[DEBUG]  Adding dependency library /Users/motiurrahman/Library/Application Support/Titanium/mobilesdk/osx/5.1.1.GA/android/nineoldandroids-appc-2.4.0.jar
[DEBUG]  Adding library /Users/motiurrahman/Library/Application Support/Titanium/mobilesdk/osx/5.1.1.GA/android/modules/titanium-filesystem.jar
[DEBUG]  Adding library /Users/motiurrahman/Library/Application Support/Titanium/mobilesdk/osx/5.1.1.GA/android/modules/titanium-media.jar
[DEBUG]  Adding library /Users/motiurrahman/Library/Application Support/Titanium/mobilesdk/osx/5.1.1.GA/android/modules/titanium-appcompat.jar
[DEBUG]  Adding dependency library /Users/motiurrahman/Library/Application Support/Titanium/mobilesdk/osx/5.1.1.GA/android/android-support-v4.jar
[DEBUG]  Adding dependency library /Users/motiurrahman/Library/Application Support/Titanium/mobilesdk/osx/5.1.1.GA/android/android-support-v7-appcompat.jar
[DEBUG]  Adding library /Users/motiurrahman/Library/Application Support/Titanium/mobilesdk/osx/5.1.1.GA/android/modules/titanium-cardview.jar
[DEBUG]  Adding dependency library /Users/motiurrahman/Library/Application Support/Titanium/mobilesdk/osx/5.1.1.GA/android/cardview-v7-23.0.1.jar
[DEBUG]  Adding library /Users/motiurrahman/Library/Application Support/Titanium/mobilesdk/osx/5.1.1.GA/android/modules/titanium-locale.jar
[DEBUG]  Adding library /Users/motiurrahman/Library/Application Support/Titanium/mobilesdk/osx/5.1.1.GA/android/modules/titanium-network.jar
[DEBUG]  Adding library /Users/motiurrahman/Library/Application Support/Titanium/mobilesdk/osx/5.1.1.GA/android/modules/titanium-xml.jar
[DEBUG]  Adding library /Users/motiurrahman/Library/Application Support/Titanium/mobilesdk/osx/5.1.1.GA/android/modules/titanium-utils.jar
[DEBUG]  Adding library /Users/motiurrahman/Library/Application Support/Titanium/mobilesdk/osx/5.1.1.GA/android/modules/titanium-geolocation.jar
[DEBUG]  Adding library /Users/motiurrahman/Library/Application Support/Titanium/mobilesdk/osx/5.1.1.GA/android/modules/titanium-accelerometer.jar
[DEBUG]  Adding library /Users/motiurrahman/Library/Application Support/Titanium/mobilesdk/osx/5.1.1.GA/android/modules/titanium-contacts.jar
[DEBUG]  Adding library /Users/motiurrahman/Library/Application Support/Titanium/mobilesdk/osx/5.1.1.GA/android/modules/titanium-map.jar
[DEBUG]  Adding library /Users/motiurrahman/Library/Application Support/Titanium/mobilesdk/osx/5.1.1.GA/android/modules/titanium-calendar.jar
[DEBUG]  Adding library /Users/motiurrahman/Library/Application Support/Titanium/mobilesdk/osx/5.1.1.GA/android/modules/titanium-gesture.jar
[DEBUG]  Adding library /Users/motiurrahman/Library/Application Support/Titanium/mobilesdk/osx/5.1.1.GA/android/modules/titanium-platform.jar
[DEBUG]  Adding library /Users/motiurrahman/Library/Application Support/Titanium/mobilesdk/osx/5.1.1.GA/android/modules/titanium-database.jar
[DEBUG]  Unknown namespace stream, skipping
[DEBUG]  Unknown namespace api, skipping
[INFO]   Writing /Users/motiurrahman/Documents/Appcelerator_Studio_Workspace/localDataBase/build/android/bin/assets/app.json
[INFO]   Extracting module resources: /Users/motiurrahman/Library/Application Support/Titanium/mobilesdk/osx/5.1.1.GA/android/modules/titanium-analytics.res.zip
[DEBUG]  Copying /var/folders/g7/hr883fpd6g3c_23mc4tqkvbh0000gn/T/115112-9715-1r2ukhs/res/values/strings.xml => /Users/motiurrahman/Documents/Appcelerator_Studio_Workspace/localDataBase/build/android/res/values/strings.xml
[INFO]   Extracting module resources: /Users/motiurrahman/Library/Application Support/Titanium/mobilesdk/osx/5.1.1.GA/android/modules/titanium-android.res.zip
[DEBUG]  Merging /var/folders/g7/hr883fpd6g3c_23mc4tqkvbh0000gn/T/115112-9715-10e8awv/res/values/strings.xml => /Users/motiurrahman/Documents/Appcelerator_Studio_Workspace/localDataBase/build/android/res/values/strings.xml
[INFO]   Extracting module resources: /Users/motiurrahman/Library/Application Support/Titanium/mobilesdk/osx/5.1.1.GA/android/modules/titanium-app.res.zip
[DEBUG]  Merging /var/folders/g7/hr883fpd6g3c_23mc4tqkvbh0000gn/T/115112-9715-pt6edm/res/values/strings.xml => /Users/motiurrahman/Documents/Appcelerator_Studio_Workspace/localDataBase/build/android/res/values/strings.xml
[INFO]   Extracting module resources: /Users/motiurrahman/Library/Application Support/Titanium/mobilesdk/osx/5.1.1.GA/android/modules/titanium-filesystem.res.zip
[DEBUG]  Merging /var/folders/g7/hr883fpd6g3c_23mc4tqkvbh0000gn/T/115112-9715-xwzh3q/res/values/strings.xml => /Users/motiurrahman/Documents/Appcelerator_Studio_Workspace/localDataBase/build/android/res/values/strings.xml
[INFO]   Extracting module resources: /Users/motiurrahman/Library/Application Support/Titanium/mobilesdk/osx/5.1.1.GA/android/modules/titanium-media.res.zip
[DEBUG]  Merging /var/folders/g7/hr883fpd6g3c_23mc4tqkvbh0000gn/T/115112-9715-21nxzg/res/values/strings.xml => /Users/motiurrahman/Documents/Appcelerator_Studio_Workspace/localDataBase/build/android/res/values/strings.xml
[INFO]   Extracting module resources: /Users/motiurrahman/Library/Application Support/Titanium/mobilesdk/osx/5.1.1.GA/android/modules/titanium-locale.res.zip
[DEBUG]  Merging /var/folders/g7/hr883fpd6g3c_23mc4tqkvbh0000gn/T/115112-9715-jjqcu2/res/values/strings.xml => /Users/motiurrahman/Documents/Appcelerator_Studio_Workspace/localDataBase/build/android/res/values/strings.xml
[INFO]   Extracting module resources: /Users/motiurrahman/Library/Application Support/Titanium/mobilesdk/osx/5.1.1.GA/android/modules/titanium-network.res.zip
[DEBUG]  Merging /var/folders/g7/hr883fpd6g3c_23mc4tqkvbh0000gn/T/115112-9715-1fgcat4/res/values/strings.xml => /Users/motiurrahman/Documents/Appcelerator_Studio_Workspace/localDataBase/build/android/res/values/strings.xml
[INFO]   Extracting module resources: /Users/motiurrahman/Library/Application Support/Titanium/mobilesdk/osx/5.1.1.GA/android/modules/titanium-xml.res.zip
[DEBUG]  Merging /var/folders/g7/hr883fpd6g3c_23mc4tqkvbh0000gn/T/115112-9715-1alhb69/res/values/strings.xml => /Users/motiurrahman/Documents/Appcelerator_Studio_Workspace/localDataBase/build/android/res/values/strings.xml
[INFO]   Extracting module resources: /Users/motiurrahman/Library/Application Support/Titanium/mobilesdk/osx/5.1.1.GA/android/modules/titanium-utils.res.zip
[DEBUG]  Merging /var/folders/g7/hr883fpd6g3c_23mc4tqkvbh0000gn/T/115112-9715-1ef2fqz/res/values/strings.xml => /Users/motiurrahman/Documents/Appcelerator_Studio_Workspace/localDataBase/build/android/res/values/strings.xml
[INFO]   Extracting module resources: /Users/motiurrahman/Library/Application Support/Titanium/mobilesdk/osx/5.1.1.GA/android/modules/titanium-geolocation.res.zip
[DEBUG]  Merging /var/folders/g7/hr883fpd6g3c_23mc4tqkvbh0000gn/T/115112-9715-1ryivt/res/values/strings.xml => /Users/motiurrahman/Documents/Appcelerator_Studio_Workspace/localDataBase/build/android/res/values/strings.xml
[INFO]   Extracting module resources: /Users/motiurrahman/Library/Application Support/Titanium/mobilesdk/osx/5.1.1.GA/android/modules/titanium-accelerometer.res.zip
[DEBUG]  Merging /var/folders/g7/hr883fpd6g3c_23mc4tqkvbh0000gn/T/115112-9715-7u7bun/res/values/strings.xml => /Users/motiurrahman/Documents/Appcelerator_Studio_Workspace/localDataBase/build/android/res/values/strings.xml
[INFO]   Extracting module resources: /Users/motiurrahman/Library/Application Support/Titanium/mobilesdk/osx/5.1.1.GA/android/modules/titanium-contacts.res.zip
[DEBUG]  Merging /var/folders/g7/hr883fpd6g3c_23mc4tqkvbh0000gn/T/115112-9715-19us6v5/res/values/strings.xml => /Users/motiurrahman/Documents/Appcelerator_Studio_Workspace/localDataBase/build/android/res/values/strings.xml
[INFO]   Extracting module resources: /Users/motiurrahman/Library/Application Support/Titanium/mobilesdk/osx/5.1.1.GA/android/modules/titanium-map.res.zip
[DEBUG]  Merging /var/folders/g7/hr883fpd6g3c_23mc4tqkvbh0000gn/T/115112-9715-pokd87/res/values/strings.xml => /Users/motiurrahman/Documents/Appcelerator_Studio_Workspace/localDataBase/build/android/res/values/strings.xml
[INFO]   Extracting module resources: /Users/motiurrahman/Library/Application Support/Titanium/mobilesdk/osx/5.1.1.GA/android/modules/titanium-calendar.res.zip
[DEBUG]  Merging /var/folders/g7/hr883fpd6g3c_23mc4tqkvbh0000gn/T/115112-9715-3kzi37/res/values/strings.xml => /Users/motiurrahman/Documents/Appcelerator_Studio_Workspace/localDataBase/build/android/res/values/strings.xml
[INFO]   Extracting module resources: /Users/motiurrahman/Library/Application Support/Titanium/mobilesdk/osx/5.1.1.GA/android/modules/titanium-gesture.res.zip
[DEBUG]  Merging /var/folders/g7/hr883fpd6g3c_23mc4tqkvbh0000gn/T/115112-9715-pethgd/res/values/strings.xml => /Users/motiurrahman/Documents/Appcelerator_Studio_Workspace/localDataBase/build/android/res/values/strings.xml
[INFO]   Extracting module resources: /Users/motiurrahman/Library/Application Support/Titanium/mobilesdk/osx/5.1.1.GA/android/modules/titanium-platform.res.zip
[DEBUG]  Merging /var/folders/g7/hr883fpd6g3c_23mc4tqkvbh0000gn/T/115112-9715-7nfzz0/res/values/strings.xml => /Users/motiurrahman/Documents/Appcelerator_Studio_Workspace/localDataBase/build/android/res/values/strings.xml
[INFO]   Extracting module resources: /Users/motiurrahman/Library/Application Support/Titanium/mobilesdk/osx/5.1.1.GA/android/modules/titanium-database.res.zip
[DEBUG]  Merging /var/folders/g7/hr883fpd6g3c_23mc4tqkvbh0000gn/T/115112-9715-a36zn5/res/values/strings.xml => /Users/motiurrahman/Documents/Appcelerator_Studio_Workspace/localDataBase/build/android/res/values/strings.xml
[DEBUG]  Removing old file: /Users/motiurrahman/Documents/Appcelerator_Studio_Workspace/localDataBase/build/android/.classpath
[DEBUG]  Removing old file: /Users/motiurrahman/Documents/Appcelerator_Studio_Workspace/localDataBase/build/android/.gitignore
[DEBUG]  Removing old file: /Users/motiurrahman/Documents/Appcelerator_Studio_Workspace/localDataBase/build/android/.project
[DEBUG]  Removing old file: /Users/motiurrahman/Documents/Appcelerator_Studio_Workspace/localDataBase/build/android/AndroidManifest.xml
[DEBUG]  Removing old file: /Users/motiurrahman/Documents/Appcelerator_Studio_Workspace/localDataBase/build/android/default.properties
[DEBUG]  Removing old file: /Users/motiurrahman/Documents/Appcelerator_Studio_Workspace/localDataBase/build/android/java-sources.txt
[DEBUG]  Copying template /Users/motiurrahman/Library/Application Support/Titanium/mobilesdk/osx/5.1.1.GA/android/templates/build/AppInfo.java => /Users/motiurrahman/Documents/Appcelerator_Studio_Workspace/localDataBase/build/android/gen/com/bd/localDataBase/LocaldatabaseAppInfo.java
[DEBUG]  Copying template /Users/motiurrahman/Library/Application Support/Titanium/mobilesdk/osx/5.1.1.GA/android/templates/build/App.java => /Users/motiurrahman/Documents/Appcelerator_Studio_Workspace/localDataBase/build/android/gen/com/bd/localDataBase/LocaldatabaseApplication.java
[DEBUG]  Copying template /Users/motiurrahman/Library/Application Support/Titanium/mobilesdk/osx/5.1.1.GA/android/templates/build/Activity.java => /Users/motiurrahman/Documents/Appcelerator_Studio_Workspace/localDataBase/build/android/gen/com/bd/localDataBase/LocaldatabaseActivity.java
[DEBUG]  Copying template /Users/motiurrahman/Library/Application Support/Titanium/mobilesdk/osx/5.1.1.GA/android/templates/build/project => /Users/motiurrahman/Documents/Appcelerator_Studio_Workspace/localDataBase/build/android/.project
[DEBUG]  Copying template /Users/motiurrahman/Library/Application Support/Titanium/mobilesdk/osx/5.1.1.GA/android/templates/build/default.properties => /Users/motiurrahman/Documents/Appcelerator_Studio_Workspace/localDataBase/build/android/default.properties
[DEBUG]  Copying /Users/motiurrahman/Library/Application Support/Titanium/mobilesdk/osx/5.1.1.GA/android/templates/build/gitignore => /Users/motiurrahman/Documents/Appcelerator_Studio_Workspace/localDataBase/build/android/.gitignore
[DEBUG]  Copying /Users/motiurrahman/Library/Application Support/Titanium/mobilesdk/osx/5.1.1.GA/android/templates/build/classpath => /Users/motiurrahman/Documents/Appcelerator_Studio_Workspace/localDataBase/build/android/.classpath
[INFO]   No aidl files to compile, continuing
[INFO]   Generating i18n files
[DEBUG]  Compiling localization files
[DEBUG]  Processing i18n file: en/strings.xml
[DEBUG]  Processing i18n file: ja/strings.xml
[DEBUG]  Merging en strings => /Users/motiurrahman/Documents/Appcelerator_Studio_Workspace/localDataBase/build/android/res/values/strings.xml
[DEBUG]  Writing ja strings => /Users/motiurrahman/Documents/Appcelerator_Studio_Workspace/localDataBase/build/android/res/values-ja/strings.xml
[INFO]   Generating /Users/motiurrahman/Documents/Appcelerator_Studio_Workspace/localDataBase/build/android/res/values/theme.xml
[INFO]   Packaging application: /Users/motiurrahman/Library/android-sdk-macosx/build-tools/23.0.2/aapt "package" "-f" "-m" "-J" "/Users/motiurrahman/Documents/Appcelerator_Studio_Workspace/localDataBase/build/android/gen" "-M" "/Users/motiurrahman/Documents/Appcelerator_Studio_Workspace/localDataBase/build/android/AndroidManifest.xml" "-A" "/Users/motiurrahman/Documents/Appcelerator_Studio_Workspace/localDataBase/build/android/bin/assets" "-S" "/Users/motiurrahman/Documents/Appcelerator_Studio_Workspace/localDataBase/build/android/res" "-I" "/Users/motiurrahman/Library/android-sdk-macosx/platforms/android-23/android.jar" "-F" "/Users/motiurrahman/Documents/Appcelerator_Studio_Workspace/localDataBase/build/android/bin/app.ap_" "--auto-add-overlay" "--extra-packages" "ti.modules.titanium.ui:android.support.v7.appcompat:android.support.v7.cardview" "-S" "/var/folders/g7/hr883fpd6g3c_23mc4tqkvbh0000gn/T/115112-9715-1lguquo/res" "-S" "/var/folders/g7/hr883fpd6g3c_23mc4tqkvbh0000gn/T/115112-9715-gw8pkb/res" "-S" "/var/folders/g7/hr883fpd6g3c_23mc4tqkvbh0000gn/T/115112-9715-1fveaxm/res"
[INFO]   Building Java source files: /Library/Java/JavaVirtualMachines/jdk1.8.0_66.jdk/Contents/Home/bin/javac "-J-Xmx1024M" "-encoding" "utf8" "-bootclasspath" "/Users/motiurrahman/Library/android-sdk-macosx/platforms/android-23/android.jar:/Users/motiurrahman/Library/Application Support/Titanium/mobilesdk/osx/5.1.1.GA/android/kroll-v8.jar:/Users/motiurrahman/Library/Application Support/Titanium/mobilesdk/osx/5.1.1.GA/android/modules/titanium-analytics.jar:/Users/motiurrahman/Library/Application Support/Titanium/mobilesdk/osx/5.1.1.GA/android/aps-analytics.jar:/Users/motiurrahman/Library/Application Support/Titanium/mobilesdk/osx/5.1.1.GA/android/modules/titanium-android.jar:/Users/motiurrahman/Library/Application Support/Titanium/mobilesdk/osx/5.1.1.GA/android/jaxen-1.1.1.jar:/Users/motiurrahman/Library/Application Support/Titanium/mobilesdk/osx/5.1.1.GA/android/ti-commons-codec-1.3.jar:/Users/motiurrahman/Library/Application Support/Titanium/mobilesdk/osx/5.1.1.GA/android/kroll-common.jar:/Users/motiurrahman/Library/Application Support/Titanium/mobilesdk/osx/5.1.1.GA/android/titanium.jar:/Users/motiurrahman/Library/Application Support/Titanium/mobilesdk/osx/5.1.1.GA/android/modules/titanium-app.jar:/Users/motiurrahman/Library/Application Support/Titanium/mobilesdk/osx/5.1.1.GA/android/modules/titanium-ui.jar:/Users/motiurrahman/Library/Application Support/Titanium/mobilesdk/osx/5.1.1.GA/android/nineoldandroids-appc-2.4.0.jar:/Users/motiurrahman/Library/Application Support/Titanium/mobilesdk/osx/5.1.1.GA/android/modules/titanium-filesystem.jar:/Users/motiurrahman/Library/Application Support/Titanium/mobilesdk/osx/5.1.1.GA/android/modules/titanium-media.jar:/Users/motiurrahman/Library/Application Support/Titanium/mobilesdk/osx/5.1.1.GA/android/modules/titanium-appcompat.jar:/Users/motiurrahman/Library/Application Support/Titanium/mobilesdk/osx/5.1.1.GA/android/android-support-v4.jar:/Users/motiurrahman/Library/Application Support/Titanium/mobilesdk/osx/5.1.1.GA/android/android-support-v7-appcompat.jar:/Users/motiurrahman/Library/Application Support/Titanium/mobilesdk/osx/5.1.1.GA/android/modules/titanium-cardview.jar:/Users/motiurrahman/Library/Application Support/Titanium/mobilesdk/osx/5.1.1.GA/android/cardview-v7-23.0.1.jar:/Users/motiurrahman/Library/Application Support/Titanium/mobilesdk/osx/5.1.1.GA/android/modules/titanium-locale.jar:/Users/motiurrahman/Library/Application Support/Titanium/mobilesdk/osx/5.1.1.GA/android/modules/titanium-network.jar:/Users/motiurrahman/Library/Application Support/Titanium/mobilesdk/osx/5.1.1.GA/android/modules/titanium-xml.jar:/Users/motiurrahman/Library/Application Support/Titanium/mobilesdk/osx/5.1.1.GA/android/modules/titanium-utils.jar:/Users/motiurrahman/Library/Application Support/Titanium/mobilesdk/osx/5.1.1.GA/android/modules/titanium-geolocation.jar:/Users/motiurrahman/Library/Application Support/Titanium/mobilesdk/osx/5.1.1.GA/android/modules/titanium-accelerometer.jar:/Users/motiurrahman/Library/Application Support/Titanium/mobilesdk/osx/5.1.1.GA/android/modules/titanium-contacts.jar:/Users/motiurrahman/Library/Application Support/Titanium/mobilesdk/osx/5.1.1.GA/android/modules/titanium-map.jar:/Users/motiurrahman/Library/Application Support/Titanium/mobilesdk/osx/5.1.1.GA/android/modules/titanium-calendar.jar:/Users/motiurrahman/Library/Application Support/Titanium/mobilesdk/osx/5.1.1.GA/android/modules/titanium-gesture.jar:/Users/motiurrahman/Library/Application Support/Titanium/mobilesdk/osx/5.1.1.GA/android/modules/titanium-platform.jar:/Users/motiurrahman/Library/Application Support/Titanium/mobilesdk/osx/5.1.1.GA/android/modules/titanium-database.jar:/Users/motiurrahman/Library/Application Support/Titanium/modules/android/com.uxcam/1.0.0/uxcam-android.jar:/Users/motiurrahman/Library/Application Support/Titanium/modules/android/com.uxcam/1.0.0/lib/uxcam.jar:/Users/motiurrahman/Documents/Appcelerator_Studio_Workspace/localDataBase/modules/android/com.bdtestaidl/1.0/testaidl.jar:/Users/motiurrahman/Library/Application Support/Titanium/mobilesdk/osx/5.1.1.GA/android/kroll-apt.jar:/Users/motiurrahman/Library/Application Support/Titanium/mobilesdk/osx/5.1.1.GA/android/lib/titanium-verify.jar:R.class:AssetCryptImpl.class:LocaldatabaseActivity.class:LocaldatabaseAppInfo.class:LocaldatabaseApplication.class" "-d" "/Users/motiurrahman/Documents/Appcelerator_Studio_Workspace/localDataBase/build/android/bin/classes" "-proc:none" "-target" "1.6" "-source" "1.6" "@/Users/motiurrahman/Documents/Appcelerator_Studio_Workspace/localDataBase/build/android/java-sources.txt"
[INFO]   Running dexer: /Library/Java/JavaVirtualMachines/jdk1.8.0_66.jdk/Contents/Home/bin/java "-Xmx512M" "-XX:-UseGCOverheadLimit" "-Djava.ext.dirs=/Users/motiurrahman/Library/android-sdk-macosx/platform-tools" "-jar" "/Users/motiurrahman/Library/android-sdk-macosx/build-tools/23.0.2/lib/dx.jar" "--dex" "--output=/Users/motiurrahman/Documents/Appcelerator_Studio_Workspace/localDataBase/build/android/bin/classes.dex" "/Users/motiurrahman/Documents/Appcelerator_Studio_Workspace/localDataBase/build/android/bin/classes" "/Users/motiurrahman/Library/Application Support/Titanium/mobilesdk/osx/5.1.1.GA/android/lib/titanium-verify.jar" "/Users/motiurrahman/Library/Application Support/Titanium/modules/android/com.uxcam/1.0.0/uxcam-android.jar" "/Users/motiurrahman/Library/Application Support/Titanium/modules/android/com.uxcam/1.0.0/lib/uxcam.jar" "/Users/motiurrahman/Documents/Appcelerator_Studio_Workspace/localDataBase/modules/android/com.bdtestaidl/1.0/testaidl.jar" "/Users/motiurrahman/Library/Application Support/Titanium/mobilesdk/osx/5.1.1.GA/android/kroll-v8.jar" "/Users/motiurrahman/Library/Application Support/Titanium/mobilesdk/osx/5.1.1.GA/android/modules/titanium-analytics.jar" "/Users/motiurrahman/Library/Application Support/Titanium/mobilesdk/osx/5.1.1.GA/android/aps-analytics.jar" "/Users/motiurrahman/Library/Application Support/Titanium/mobilesdk/osx/5.1.1.GA/android/modules/titanium-android.jar" "/Users/motiurrahman/Library/Application Support/Titanium/mobilesdk/osx/5.1.1.GA/android/jaxen-1.1.1.jar" "/Users/motiurrahman/Library/Application Support/Titanium/mobilesdk/osx/5.1.1.GA/android/ti-commons-codec-1.3.jar" "/Users/motiurrahman/Library/Application Support/Titanium/mobilesdk/osx/5.1.1.GA/android/kroll-common.jar" "/Users/motiurrahman/Library/Application Support/Titanium/mobilesdk/osx/5.1.1.GA/android/titanium.jar" "/Users/motiurrahman/Library/Application Support/Titanium/mobilesdk/osx/5.1.1.GA/android/modules/titanium-app.jar" "/Users/motiurrahman/Library/Application Support/Titanium/mobilesdk/osx/5.1.1.GA/android/modules/titanium-ui.jar" "/Users/motiurrahman/Library/Application Support/Titanium/mobilesdk/osx/5.1.1.GA/android/nineoldandroids-appc-2.4.0.jar" "/Users/motiurrahman/Library/Application Support/Titanium/mobilesdk/osx/5.1.1.GA/android/modules/titanium-filesystem.jar" "/Users/motiurrahman/Library/Application Support/Titanium/mobilesdk/osx/5.1.1.GA/android/modules/titanium-media.jar" "/Users/motiurrahman/Library/Application Support/Titanium/mobilesdk/osx/5.1.1.GA/android/modules/titanium-appcompat.jar" "/Users/motiurrahman/Library/Application Support/Titanium/mobilesdk/osx/5.1.1.GA/android/android-support-v4.jar" "/Users/motiurrahman/Library/Application Support/Titanium/mobilesdk/osx/5.1.1.GA/android/android-support-v7-appcompat.jar" "/Users/motiurrahman/Library/Application Support/Titanium/mobilesdk/osx/5.1.1.GA/android/modules/titanium-cardview.jar" "/Users/motiurrahman/Library/Application Support/Titanium/mobilesdk/osx/5.1.1.GA/android/cardview-v7-23.0.1.jar" "/Users/motiurrahman/Library/Application Support/Titanium/mobilesdk/osx/5.1.1.GA/android/modules/titanium-locale.jar" "/Users/motiurrahman/Library/Application Support/Titanium/mobilesdk/osx/5.1.1.GA/android/modules/titanium-network.jar" "/Users/motiurrahman/Library/Application Support/Titanium/mobilesdk/osx/5.1.1.GA/android/modules/titanium-xml.jar" "/Users/motiurrahman/Library/Application Support/Titanium/mobilesdk/osx/5.1.1.GA/android/modules/titanium-utils.jar" "/Users/motiurrahman/Library/Application Support/Titanium/mobilesdk/osx/5.1.1.GA/android/modules/titanium-geolocation.jar" "/Users/motiurrahman/Library/Application Support/Titanium/mobilesdk/osx/5.1.1.GA/android/modules/titanium-accelerometer.jar" "/Users/motiurrahman/Library/Application Support/Titanium/mobilesdk/osx/5.1.1.GA/android/modules/titanium-contacts.jar" "/Users/motiurrahman/Library/Application Support/Titanium/mobilesdk/osx/5.1.1.GA/android/modules/titanium-map.jar" "/Users/motiurrahman/Library/Application Support/Titanium/mobilesdk/osx/5.1.1.GA/android/modules/titanium-calendar.jar" "/Users/motiurrahman/Library/Application Support/Titanium/mobilesdk/osx/5.1.1.GA/android/modules/titanium-gesture.jar" "/Users/motiurrahman/Library/Application Support/Titanium/mobilesdk/osx/5.1.1.GA/android/modules/titanium-platform.jar" "/Users/motiurrahman/Library/Application Support/Titanium/mobilesdk/osx/5.1.1.GA/android/modules/titanium-database.jar"
[TRACE]  Found 1 devices, checking if any of them are the emulator...
[TRACE]  Emulator is running!
[TRACE]  Checking if boot animation has finished...
[TRACE]  Emulator is not booted yet; checking again in 2000 ms
[TRACE]  Emulator is not booted yet; checking again in 2000 ms
[TRACE]  Emulator is not booted yet; checking again in 2000 ms
[TRACE]  Emulator is not booted yet; checking again in 2000 ms
[TRACE]  Emulator is not booted yet; checking again in 2000 ms
[TRACE]  Emulator is not booted yet; checking again in 2000 ms
[TRACE]  Emulator is not booted yet; checking again in 2000 ms
[INFO]   Creating unsigned apk
[DEBUG]  Processing /Users/motiurrahman/Documents/Appcelerator_Studio_Workspace/localDataBase/build/android/bin/app.ap_
[DEBUG]  Deflating AndroidManifest.xml
[DEBUG]  Adding assets/Resources/KS_nav_ui.png
[DEBUG]  Adding assets/Resources/KS_nav_views.png
[DEBUG]  Deflating assets/Resources/TTModel/db/mydatabase1.sqlite
[DEBUG]  Adding assets/Resources/appicon.png
[DEBUG]  Deflating assets/Resources/myData/mydatabase.sqlite
[DEBUG]  Deflating assets/Resources/myData/mydatabase1.sqlite
[DEBUG]  Deflating assets/Resources/mydatabase.sqlite
[DEBUG]  Deflating assets/app.json
[DEBUG]  Deflating assets/index.json
[DEBUG]  Deflating res/anim/abc_fade_in.xml
[DEBUG]  Deflating res/anim/abc_fade_out.xml
[DEBUG]  Deflating res/anim/abc_grow_fade_in_from_bottom.xml
[DEBUG]  Deflating res/anim/abc_popup_enter.xml
[DEBUG]  Deflating res/anim/abc_popup_exit.xml
[DEBUG]  Deflating res/anim/abc_shrink_fade_out_from_bottom.xml
[DEBUG]  Deflating res/anim/abc_slide_in_bottom.xml
[DEBUG]  Deflating res/anim/abc_slide_in_top.xml
[DEBUG]  Deflating res/anim/abc_slide_out_bottom.xml
[DEBUG]  Deflating res/anim/abc_slide_out_top.xml
[DEBUG]  Deflating res/color-v11/abc_background_cache_hint_selector_material_dark.xml
[DEBUG]  Deflating res/color-v11/abc_background_cache_hint_selector_material_light.xml
[DEBUG]  Deflating res/color-v23/abc_color_highlight_material.xml
[DEBUG]  Deflating res/color/abc_background_cache_hint_selector_material_dark.xml
[DEBUG]  Deflating res/color/abc_background_cache_hint_selector_material_light.xml
[DEBUG]  Deflating res/color/abc_primary_text_disable_only_material_dark.xml
[DEBUG]  Deflating res/color/abc_primary_text_disable_only_material_light.xml
[DEBUG]  Deflating res/color/abc_primary_text_material_dark.xml
[DEBUG]  Deflating res/color/abc_primary_text_material_light.xml
[DEBUG]  Deflating res/color/abc_search_url_text.xml
[DEBUG]  Deflating res/color/abc_secondary_text_material_dark.xml
[DEBUG]  Deflating res/color/abc_secondary_text_material_light.xml
[DEBUG]  Deflating res/color/switch_thumb_material_dark.xml
[DEBUG]  Deflating res/color/switch_thumb_material_light.xml
[DEBUG]  Adding res/drawable-hdpi-v4/abc_ab_share_pack_mtrl_alpha.9.png
[DEBUG]  Adding res/drawable-hdpi-v4/abc_btn_check_to_on_mtrl_000.png
[DEBUG]  Adding res/drawable-hdpi-v4/abc_btn_check_to_on_mtrl_015.png
[DEBUG]  Adding res/drawable-hdpi-v4/abc_btn_radio_to_on_mtrl_000.png
[DEBUG]  Adding res/drawable-hdpi-v4/abc_btn_radio_to_on_mtrl_015.png
[DEBUG]  Adding res/drawable-hdpi-v4/abc_btn_rating_star_off_mtrl_alpha.png
[DEBUG]  Adding res/drawable-hdpi-v4/abc_btn_rating_star_on_mtrl_alpha.png
[DEBUG]  Adding res/drawable-hdpi-v4/abc_btn_switch_to_on_mtrl_00001.9.png
[DEBUG]  Adding res/drawable-hdpi-v4/abc_btn_switch_to_on_mtrl_00012.9.png
[DEBUG]  Adding res/drawable-hdpi-v4/abc_cab_background_top_mtrl_alpha.9.png
[DEBUG]  Adding res/drawable-hdpi-v4/abc_ic_ab_back_mtrl_am_alpha.png
[DEBUG]  Adding res/drawable-hdpi-v4/abc_ic_clear_mtrl_alpha.png
[DEBUG]  Adding res/drawable-hdpi-v4/abc_ic_commit_search_api_mtrl_alpha.png
[DEBUG]  Adding res/drawable-hdpi-v4/abc_ic_go_search_api_mtrl_alpha.png
[DEBUG]  Adding res/drawable-hdpi-v4/abc_ic_menu_copy_mtrl_am_alpha.png
[DEBUG]  Adding res/drawable-hdpi-v4/abc_ic_menu_cut_mtrl_alpha.png
[DEBUG]  Adding res/drawable-hdpi-v4/abc_ic_menu_moreoverflow_mtrl_alpha.png
[DEBUG]  Adding res/drawable-hdpi-v4/abc_ic_menu_paste_mtrl_am_alpha.png
[DEBUG]  Adding res/drawable-hdpi-v4/abc_ic_menu_selectall_mtrl_alpha.png
[DEBUG]  Adding res/drawable-hdpi-v4/abc_ic_menu_share_mtrl_alpha.png
[DEBUG]  Adding res/drawable-hdpi-v4/abc_ic_search_api_mtrl_alpha.png
[DEBUG]  Adding res/drawable-hdpi-v4/abc_ic_voice_search_api_mtrl_alpha.png
[DEBUG]  Adding res/drawable-hdpi-v4/abc_list_divider_mtrl_alpha.9.png
[DEBUG]  Adding res/drawable-hdpi-v4/abc_list_focused_holo.9.png
[DEBUG]  Adding res/drawable-hdpi-v4/abc_list_longpressed_holo.9.png
[DEBUG]  Adding res/drawable-hdpi-v4/abc_list_pressed_holo_dark.9.png
[DEBUG]  Adding res/drawable-hdpi-v4/abc_list_pressed_holo_light.9.png
[DEBUG]  Adding res/drawable-hdpi-v4/abc_list_selector_disabled_holo_dark.9.png
[DEBUG]  Adding res/drawable-hdpi-v4/abc_list_selector_disabled_holo_light.9.png
[DEBUG]  Adding res/drawable-hdpi-v4/abc_menu_hardkey_panel_mtrl_mult.9.png
[DEBUG]  Adding res/drawable-hdpi-v4/abc_popup_background_mtrl_mult.9.png
[DEBUG]  Adding res/drawable-hdpi-v4/abc_spinner_mtrl_am_alpha.9.png
[DEBUG]  Adding res/drawable-hdpi-v4/abc_switch_track_mtrl_alpha.9.png
[DEBUG]  Adding res/drawable-hdpi-v4/abc_tab_indicator_mtrl_alpha.9.png
[DEBUG]  Adding res/drawable-hdpi-v4/abc_textfield_activated_mtrl_alpha.9.png
[DEBUG]  Adding res/drawable-hdpi-v4/abc_textfield_default_mtrl_alpha.9.png
[DEBUG]  Adding res/drawable-hdpi-v4/abc_textfield_search_activated_mtrl_alpha.9.png
[DEBUG]  Adding res/drawable-hdpi-v4/abc_textfield_search_default_mtrl_alpha.9.png
[DEBUG]  Adding res/drawable-ldrtl-hdpi-v4/abc_ic_ab_back_mtrl_am_alpha.png
[DEBUG]  Adding res/drawable-ldrtl-hdpi-v4/abc_ic_menu_copy_mtrl_am_alpha.png
[DEBUG]  Adding res/drawable-ldrtl-hdpi-v4/abc_ic_menu_cut_mtrl_alpha.png
[DEBUG]  Adding res/drawable-ldrtl-hdpi-v4/abc_spinner_mtrl_am_alpha.9.png
[DEBUG]  Adding res/drawable-ldrtl-mdpi-v4/abc_ic_ab_back_mtrl_am_alpha.png
[DEBUG]  Adding res/drawable-ldrtl-mdpi-v4/abc_ic_menu_copy_mtrl_am_alpha.png
[DEBUG]  Adding res/drawable-ldrtl-mdpi-v4/abc_ic_menu_cut_mtrl_alpha.png
[DEBUG]  Adding res/drawable-ldrtl-mdpi-v4/abc_spinner_mtrl_am_alpha.9.png
[DEBUG]  Adding res/drawable-ldrtl-xhdpi-v4/abc_ic_ab_back_mtrl_am_alpha.png
[DEBUG]  Adding res/drawable-ldrtl-xhdpi-v4/abc_ic_menu_copy_mtrl_am_alpha.png
[DEBUG]  Adding res/drawable-ldrtl-xhdpi-v4/abc_ic_menu_cut_mtrl_alpha.png
[DEBUG]  Adding res/drawable-ldrtl-xhdpi-v4/abc_spinner_mtrl_am_alpha.9.png
[DEBUG]  Adding res/drawable-ldrtl-xxhdpi-v4/abc_ic_ab_back_mtrl_am_alpha.png
[DEBUG]  Adding res/drawable-ldrtl-xxhdpi-v4/abc_ic_menu_copy_mtrl_am_alpha.png
[DEBUG]  Adding res/drawable-ldrtl-xxhdpi-v4/abc_ic_menu_cut_mtrl_alpha.png
[DEBUG]  Adding res/drawable-ldrtl-xxhdpi-v4/abc_spinner_mtrl_am_alpha.9.png
[DEBUG]  Adding res/drawable-ldrtl-xxxhdpi-v4/abc_ic_ab_back_mtrl_am_alpha.png
[DEBUG]  Adding res/drawable-ldrtl-xxxhdpi-v4/abc_ic_menu_copy_mtrl_am_alpha.png
[DEBUG]  Adding res/drawable-ldrtl-xxxhdpi-v4/abc_ic_menu_cut_mtrl_alpha.png
[DEBUG]  Adding res/drawable-ldrtl-xxxhdpi-v4/abc_spinner_mtrl_am_alpha.9.png
[DEBUG]  Adding res/drawable-long-land-hdpi-v4/background.png
[DEBUG]  Adding res/drawable-long-land-ldpi-v4/background.png
[DEBUG]  Adding res/drawable-long-port-hdpi-v4/background.png
[DEBUG]  Adding res/drawable-long-port-ldpi-v4/background.png
[DEBUG]  Adding res/drawable-mdpi-v4/abc_ab_share_pack_mtrl_alpha.9.png
[DEBUG]  Adding res/drawable-mdpi-v4/abc_btn_check_to_on_mtrl_000.png
[DEBUG]  Adding res/drawable-mdpi-v4/abc_btn_check_to_on_mtrl_015.png
[DEBUG]  Adding res/drawable-mdpi-v4/abc_btn_radio_to_on_mtrl_000.png
[DEBUG]  Adding res/drawable-mdpi-v4/abc_btn_radio_to_on_mtrl_015.png
[DEBUG]  Adding res/drawable-mdpi-v4/abc_btn_rating_star_off_mtrl_alpha.png
[DEBUG]  Adding res/drawable-mdpi-v4/abc_btn_rating_star_on_mtrl_alpha.png
[DEBUG]  Adding res/drawable-mdpi-v4/abc_btn_switch_to_on_mtrl_00001.9.png
[DEBUG]  Adding res/drawable-mdpi-v4/abc_btn_switch_to_on_mtrl_00012.9.png
[DEBUG]  Adding res/drawable-mdpi-v4/abc_cab_background_top_mtrl_alpha.9.png
[DEBUG]  Adding res/drawable-mdpi-v4/abc_ic_ab_back_mtrl_am_alpha.png
[DEBUG]  Adding res/drawable-mdpi-v4/abc_ic_clear_mtrl_alpha.png
[DEBUG]  Adding res/drawable-mdpi-v4/abc_ic_commit_search_api_mtrl_alpha.png
[DEBUG]  Adding res/drawable-mdpi-v4/abc_ic_go_search_api_mtrl_alpha.png
[DEBUG]  Adding res/drawable-mdpi-v4/abc_ic_menu_copy_mtrl_am_alpha.png
[DEBUG]  Adding res/drawable-mdpi-v4/abc_ic_menu_cut_mtrl_alpha.png
[DEBUG]  Adding res/drawable-mdpi-v4/abc_ic_menu_moreoverflow_mtrl_alpha.png
[DEBUG]  Adding res/drawable-mdpi-v4/abc_ic_menu_paste_mtrl_am_alpha.png
[DEBUG]  Adding res/drawable-mdpi-v4/abc_ic_menu_selectall_mtrl_alpha.png
[DEBUG]  Adding res/drawable-mdpi-v4/abc_ic_menu_share_mtrl_alpha.png
[DEBUG]  Adding res/drawable-mdpi-v4/abc_ic_search_api_mtrl_alpha.png
[DEBUG]  Adding res/drawable-mdpi-v4/abc_ic_voice_search_api_mtrl_alpha.png
[DEBUG]  Adding res/drawable-mdpi-v4/abc_list_divider_mtrl_alpha.9.png
[DEBUG]  Adding res/drawable-mdpi-v4/abc_list_focused_holo.9.png
[DEBUG]  Adding res/drawable-mdpi-v4/abc_list_longpressed_holo.9.png
[DEBUG]  Adding res/drawable-mdpi-v4/abc_list_pressed_holo_dark.9.png
[DEBUG]  Adding res/drawable-mdpi-v4/abc_list_pressed_holo_light.9.png
[DEBUG]  Adding res/drawable-mdpi-v4/abc_list_selector_disabled_holo_dark.9.png
[DEBUG]  Adding res/drawable-mdpi-v4/abc_list_selector_disabled_holo_light.9.png
[DEBUG]  Adding res/drawable-mdpi-v4/abc_menu_hardkey_panel_mtrl_mult.9.png
[DEBUG]  Adding res/drawable-mdpi-v4/abc_popup_background_mtrl_mult.9.png
[DEBUG]  Adding res/drawable-mdpi-v4/abc_spinner_mtrl_am_alpha.9.png
[DEBUG]  Adding res/drawable-mdpi-v4/abc_switch_track_mtrl_alpha.9.png
[DEBUG]  Adding res/drawable-mdpi-v4/abc_tab_indicator_mtrl_alpha.9.png
[DEBUG]  Adding res/drawable-mdpi-v4/abc_textfield_activated_mtrl_alpha.9.png
[DEBUG]  Adding res/drawable-mdpi-v4/abc_textfield_default_mtrl_alpha.9.png
[DEBUG]  Adding res/drawable-mdpi-v4/abc_textfield_search_activated_mtrl_alpha.9.png
[DEBUG]  Adding res/drawable-mdpi-v4/abc_textfield_search_default_mtrl_alpha.9.png
[DEBUG]  Adding res/drawable-notlong-land-hdpi-v4/background.png
[DEBUG]  Adding res/drawable-notlong-land-ldpi-v4/background.png
[DEBUG]  Adding res/drawable-notlong-land-mdpi-v4/background.png
[DEBUG]  Adding res/drawable-notlong-port-hdpi-v4/background.png
[DEBUG]  Adding res/drawable-notlong-port-ldpi-v4/background.png
[DEBUG]  Adding res/drawable-notlong-port-mdpi-v4/background.png
[DEBUG]  Deflating res/drawable-v21/abc_action_bar_item_background_material.xml
[DEBUG]  Deflating res/drawable-v21/abc_btn_colored_material.xml
[DEBUG]  Deflating res/drawable-v23/abc_control_background_material.xml
[DEBUG]  Adding res/drawable-xhdpi-v4/abc_ab_share_pack_mtrl_alpha.9.png
[DEBUG]  Adding res/drawable-xhdpi-v4/abc_btn_check_to_on_mtrl_000.png
[DEBUG]  Adding res/drawable-xhdpi-v4/abc_btn_check_to_on_mtrl_015.png
[DEBUG]  Adding res/drawable-xhdpi-v4/abc_btn_radio_to_on_mtrl_000.png
[DEBUG]  Adding res/drawable-xhdpi-v4/abc_btn_radio_to_on_mtrl_015.png
[DEBUG]  Adding res/drawable-xhdpi-v4/abc_btn_rating_star_off_mtrl_alpha.png
[DEBUG]  Adding res/drawable-xhdpi-v4/abc_btn_rating_star_on_mtrl_alpha.png
[DEBUG]  Adding res/drawable-xhdpi-v4/abc_btn_switch_to_on_mtrl_00001.9.png
[DEBUG]  Adding res/drawable-xhdpi-v4/abc_btn_switch_to_on_mtrl_00012.9.png
[DEBUG]  Adding res/drawable-xhdpi-v4/abc_cab_background_top_mtrl_alpha.9.png
[DEBUG]  Adding res/drawable-xhdpi-v4/abc_ic_ab_back_mtrl_am_alpha.png
[DEBUG]  Adding res/drawable-xhdpi-v4/abc_ic_clear_mtrl_alpha.png
[DEBUG]  Adding res/drawable-xhdpi-v4/abc_ic_commit_search_api_mtrl_alpha.png
[DEBUG]  Adding res/drawable-xhdpi-v4/abc_ic_go_search_api_mtrl_alpha.png
[DEBUG]  Adding res/drawable-xhdpi-v4/abc_ic_menu_copy_mtrl_am_alpha.png
[DEBUG]  Adding res/drawable-xhdpi-v4/abc_ic_menu_cut_mtrl_alpha.png
[DEBUG]  Adding res/drawable-xhdpi-v4/abc_ic_menu_moreoverflow_mtrl_alpha.png
[DEBUG]  Adding res/drawable-xhdpi-v4/abc_ic_menu_paste_mtrl_am_alpha.png
[DEBUG]  Adding res/drawable-xhdpi-v4/abc_ic_menu_selectall_mtrl_alpha.png
[DEBUG]  Adding res/drawable-xhdpi-v4/abc_ic_menu_share_mtrl_alpha.png
[DEBUG]  Adding res/drawable-xhdpi-v4/abc_ic_search_api_mtrl_alpha.png
[DEBUG]  Adding res/drawable-xhdpi-v4/abc_ic_voice_search_api_mtrl_alpha.png
[DEBUG]  Adding res/drawable-xhdpi-v4/abc_list_divider_mtrl_alpha.9.png
[DEBUG]  Adding res/drawable-xhdpi-v4/abc_list_focused_holo.9.png
[DEBUG]  Adding res/drawable-xhdpi-v4/abc_list_longpressed_holo.9.png
[DEBUG]  Adding res/drawable-xhdpi-v4/abc_list_pressed_holo_dark.9.png
[DEBUG]  Adding res/drawable-xhdpi-v4/abc_list_pressed_holo_light.9.png
[DEBUG]  Adding res/drawable-xhdpi-v4/abc_list_selector_disabled_holo_dark.9.png
[DEBUG]  Adding res/drawable-xhdpi-v4/abc_list_selector_disabled_holo_light.9.png
[DEBUG]  Adding res/drawable-xhdpi-v4/abc_menu_hardkey_panel_mtrl_mult.9.png
[DEBUG]  Adding res/drawable-xhdpi-v4/abc_popup_background_mtrl_mult.9.png
[DEBUG]  Adding res/drawable-xhdpi-v4/abc_spinner_mtrl_am_alpha.9.png
[DEBUG]  Adding res/drawable-xhdpi-v4/abc_switch_track_mtrl_alpha.9.png
[DEBUG]  Adding res/drawable-xhdpi-v4/abc_tab_indicator_mtrl_alpha.9.png
[DEBUG]  Adding res/drawable-xhdpi-v4/abc_textfield_activated_mtrl_alpha.9.png
[DEBUG]  Adding res/drawable-xhdpi-v4/abc_textfield_default_mtrl_alpha.9.png
[DEBUG]  Adding res/drawable-xhdpi-v4/abc_textfield_search_activated_mtrl_alpha.9.png
[DEBUG]  Adding res/drawable-xhdpi-v4/abc_textfield_search_default_mtrl_alpha.9.png
[DEBUG]  Adding res/drawable-xxhdpi-v4/abc_ab_share_pack_mtrl_alpha.9.png
[DEBUG]  Adding res/drawable-xxhdpi-v4/abc_btn_check_to_on_mtrl_000.png
[DEBUG]  Adding res/drawable-xxhdpi-v4/abc_btn_check_to_on_mtrl_015.png
[DEBUG]  Adding res/drawable-xxhdpi-v4/abc_btn_radio_to_on_mtrl_000.png
[DEBUG]  Adding res/drawable-xxhdpi-v4/abc_btn_radio_to_on_mtrl_015.png
[DEBUG]  Adding res/drawable-xxhdpi-v4/abc_btn_rating_star_off_mtrl_alpha.png
[DEBUG]  Adding res/drawable-xxhdpi-v4/abc_btn_rating_star_on_mtrl_alpha.png
[DEBUG]  Adding res/drawable-xxhdpi-v4/abc_btn_switch_to_on_mtrl_00001.9.png
[DEBUG]  Adding res/drawable-xxhdpi-v4/abc_btn_switch_to_on_mtrl_00012.9.png
[DEBUG]  Adding res/drawable-xxhdpi-v4/abc_cab_background_top_mtrl_alpha.9.png
[DEBUG]  Adding res/drawable-xxhdpi-v4/abc_ic_ab_back_mtrl_am_alpha.png
[DEBUG]  Adding res/drawable-xxhdpi-v4/abc_ic_clear_mtrl_alpha.png
[DEBUG]  Adding res/drawable-xxhdpi-v4/abc_ic_commit_search_api_mtrl_alpha.png
[DEBUG]  Adding res/drawable-xxhdpi-v4/abc_ic_go_search_api_mtrl_alpha.png
[DEBUG]  Adding res/drawable-xxhdpi-v4/abc_ic_menu_copy_mtrl_am_alpha.png
[DEBUG]  Adding res/drawable-xxhdpi-v4/abc_ic_menu_cut_mtrl_alpha.png
[DEBUG]  Adding res/drawable-xxhdpi-v4/abc_ic_menu_moreoverflow_mtrl_alpha.png
[DEBUG]  Adding res/drawable-xxhdpi-v4/abc_ic_menu_paste_mtrl_am_alpha.png
[DEBUG]  Adding res/drawable-xxhdpi-v4/abc_ic_menu_selectall_mtrl_alpha.png
[DEBUG]  Adding res/drawable-xxhdpi-v4/abc_ic_menu_share_mtrl_alpha.png
[DEBUG]  Adding res/drawable-xxhdpi-v4/abc_ic_search_api_mtrl_alpha.png
[DEBUG]  Adding res/drawable-xxhdpi-v4/abc_ic_voice_search_api_mtrl_alpha.png
[DEBUG]  Adding res/drawable-xxhdpi-v4/abc_list_divider_mtrl_alpha.9.png
[DEBUG]  Adding res/drawable-xxhdpi-v4/abc_list_focused_holo.9.png
[DEBUG]  Adding res/drawable-xxhdpi-v4/abc_list_longpressed_holo.9.png
[DEBUG]  Adding res/drawable-xxhdpi-v4/abc_list_pressed_holo_dark.9.png
[DEBUG]  Adding res/drawable-xxhdpi-v4/abc_list_pressed_holo_light.9.png
[DEBUG]  Adding res/drawable-xxhdpi-v4/abc_list_selector_disabled_holo_dark.9.png
[DEBUG]  Adding res/drawable-xxhdpi-v4/abc_list_selector_disabled_holo_light.9.png
[DEBUG]  Adding res/drawable-xxhdpi-v4/abc_menu_hardkey_panel_mtrl_mult.9.png
[DEBUG]  Adding res/drawable-xxhdpi-v4/abc_popup_background_mtrl_mult.9.png
[DEBUG]  Adding res/drawable-xxhdpi-v4/abc_spinner_mtrl_am_alpha.9.png
[DEBUG]  Adding res/drawable-xxhdpi-v4/abc_switch_track_mtrl_alpha.9.png
[DEBUG]  Adding res/drawable-xxhdpi-v4/abc_tab_indicator_mtrl_alpha.9.png
[DEBUG]  Adding res/drawable-xxhdpi-v4/abc_textfield_activated_mtrl_alpha.9.png
[DEBUG]  Adding res/drawable-xxhdpi-v4/abc_textfield_default_mtrl_alpha.9.png
[DEBUG]  Adding res/drawable-xxhdpi-v4/abc_textfield_search_activated_mtrl_alpha.9.png
[DEBUG]  Adding res/drawable-xxhdpi-v4/abc_textfield_search_default_mtrl_alpha.9.png
[DEBUG]  Adding res/drawable-xxxhdpi-v4/abc_btn_check_to_on_mtrl_000.png
[DEBUG]  Adding res/drawable-xxxhdpi-v4/abc_btn_check_to_on_mtrl_015.png
[DEBUG]  Adding res/drawable-xxxhdpi-v4/abc_btn_radio_to_on_mtrl_000.png
[DEBUG]  Adding res/drawable-xxxhdpi-v4/abc_btn_radio_to_on_mtrl_015.png
[DEBUG]  Adding res/drawable-xxxhdpi-v4/abc_btn_switch_to_on_mtrl_00001.9.png
[DEBUG]  Adding res/drawable-xxxhdpi-v4/abc_btn_switch_to_on_mtrl_00012.9.png
[DEBUG]  Adding res/drawable-xxxhdpi-v4/abc_ic_ab_back_mtrl_am_alpha.png
[DEBUG]  Adding res/drawable-xxxhdpi-v4/abc_ic_clear_mtrl_alpha.png
[DEBUG]  Adding res/drawable-xxxhdpi-v4/abc_ic_menu_copy_mtrl_am_alpha.png
[DEBUG]  Adding res/drawable-xxxhdpi-v4/abc_ic_menu_cut_mtrl_alpha.png
[DEBUG]  Adding res/drawable-xxxhdpi-v4/abc_ic_menu_moreoverflow_mtrl_alpha.png
[DEBUG]  Adding res/drawable-xxxhdpi-v4/abc_ic_menu_paste_mtrl_am_alpha.png
[DEBUG]  Adding res/drawable-xxxhdpi-v4/abc_ic_menu_selectall_mtrl_alpha.png
[DEBUG]  Adding res/drawable-xxxhdpi-v4/abc_ic_menu_share_mtrl_alpha.png
[DEBUG]  Adding res/drawable-xxxhdpi-v4/abc_ic_search_api_mtrl_alpha.png
[DEBUG]  Adding res/drawable-xxxhdpi-v4/abc_ic_voice_search_api_mtrl_alpha.png
[DEBUG]  Adding res/drawable-xxxhdpi-v4/abc_spinner_mtrl_am_alpha.9.png
[DEBUG]  Adding res/drawable-xxxhdpi-v4/abc_switch_track_mtrl_alpha.9.png
[DEBUG]  Adding res/drawable-xxxhdpi-v4/abc_tab_indicator_mtrl_alpha.9.png
[DEBUG]  Deflating res/drawable/abc_btn_borderless_material.xml
[DEBUG]  Deflating res/drawable/abc_btn_check_material.xml
[DEBUG]  Deflating res/drawable/abc_btn_colored_material.xml
[DEBUG]  Deflating res/drawable/abc_btn_default_mtrl_shape.xml
[DEBUG]  Deflating res/drawable/abc_btn_radio_material.xml
[DEBUG]  Deflating res/drawable/abc_cab_background_internal_bg.xml
[DEBUG]  Deflating res/drawable/abc_cab_background_top_material.xml
[DEBUG]  Deflating res/drawable/abc_dialog_material_background_dark.xml
[DEBUG]  Deflating res/drawable/abc_dialog_material_background_light.xml
[DEBUG]  Deflating res/drawable/abc_edit_text_material.xml
[DEBUG]  Deflating res/drawable/abc_item_background_holo_dark.xml
[DEBUG]  Deflating res/drawable/abc_item_background_holo_light.xml
[DEBUG]  Deflating res/drawable/abc_list_selector_background_transition_holo_dark.xml
[DEBUG]  Deflating res/drawable/abc_list_selector_background_transition_holo_light.xml
[DEBUG]  Deflating res/drawable/abc_list_selector_holo_dark.xml
[DEBUG]  Deflating res/drawable/abc_list_selector_holo_light.xml
[DEBUG]  Deflating res/drawable/abc_ratingbar_full_material.xml
[DEBUG]  Deflating res/drawable/abc_spinner_textfield_background_material.xml
[DEBUG]  Deflating res/drawable/abc_switch_thumb_material.xml
[DEBUG]  Deflating res/drawable/abc_tab_indicator_material.xml
[DEBUG]  Deflating res/drawable/abc_text_cursor_material.xml
[DEBUG]  Deflating res/drawable/abc_textfield_search_material.xml
[DEBUG]  Adding res/drawable/appicon.png
[DEBUG]  Adding res/drawable/background.png
[DEBUG]  Adding res/drawable/btn_check_buttonless_on_64.png
[DEBUG]  Adding res/drawable/btn_more_64.png
[DEBUG]  Adding res/drawable/disclosure_64.png
[DEBUG]  Deflating res/layout-v17/abc_alert_dialog_material.xml
[DEBUG]  Deflating res/layout-v17/abc_dialog_title_material.xml
[DEBUG]  Deflating res/layout-v17/abc_search_view.xml
[DEBUG]  Deflating res/layout-v17/notification_template_big_media.xml
[DEBUG]  Deflating res/layout-v17/notification_template_big_media_narrow.xml
[DEBUG]  Deflating res/layout-v17/notification_template_lines.xml
[DEBUG]  Deflating res/layout-v17/notification_template_media.xml
[DEBUG]  Deflating res/layout-v17/notification_template_part_chronometer.xml
[DEBUG]  Deflating res/layout-v17/notification_template_part_time.xml
[DEBUG]  Deflating res/layout-v21/abc_screen_toolbar.xml
[DEBUG]  Deflating res/layout-v21/titanium_ui_date_picker_spinner.xml
[DEBUG]  Deflating res/layout-v21/titanium_ui_time_picker_spinner.xml
[DEBUG]  Deflating res/layout/abc_action_bar_title_item.xml
[DEBUG]  Deflating res/layout/abc_action_bar_up_container.xml
[DEBUG]  Deflating res/layout/abc_action_bar_view_list_nav_layout.xml
[DEBUG]  Deflating res/layout/abc_action_menu_item_layout.xml
[DEBUG]  Deflating res/layout/abc_action_menu_layout.xml
[DEBUG]  Deflating res/layout/abc_action_mode_bar.xml
[DEBUG]  Deflating res/layout/abc_action_mode_close_item_material.xml
[DEBUG]  Deflating res/layout/abc_activity_chooser_view.xml
[DEBUG]  Deflating res/layout/abc_activity_chooser_view_list_item.xml
[DEBUG]  Deflating res/layout/abc_alert_dialog_material.xml
[DEBUG]  Deflating res/layout/abc_dialog_title_material.xml
[DEBUG]  Deflating res/layout/abc_expanded_menu_layout.xml
[DEBUG]  Deflating res/layout/abc_list_menu_item_checkbox.xml
[DEBUG]  Deflating res/layout/abc_list_menu_item_icon.xml
[DEBUG]  Deflating res/layout/abc_list_menu_item_layout.xml
[DEBUG]  Deflating res/layout/abc_list_menu_item_radio.xml
[DEBUG]  Deflating res/layout/abc_popup_menu_item_layout.xml
[DEBUG]  Deflating res/layout/abc_screen_content_include.xml
[DEBUG]  Deflating res/layout/abc_screen_simple.xml
[DEBUG]  Deflating res/layout/abc_screen_simple_overlay_action_mode.xml
[DEBUG]  Deflating res/layout/abc_screen_toolbar.xml
[DEBUG]  Deflating res/layout/abc_search_dropdown_item_icons_2line.xml
[DEBUG]  Deflating res/layout/abc_search_view.xml
[DEBUG]  Deflating res/layout/abc_select_dialog_material.xml
[DEBUG]  Deflating res/layout/notification_media_action.xml
[DEBUG]  Deflating res/layout/notification_media_cancel_action.xml
[DEBUG]  Deflating res/layout/notification_template_big_media.xml
[DEBUG]  Deflating res/layout/notification_template_big_media_narrow.xml
[DEBUG]  Deflating res/layout/notification_template_lines.xml
[DEBUG]  Deflating res/layout/notification_template_media.xml
[DEBUG]  Deflating res/layout/notification_template_part_chronometer.xml
[DEBUG]  Deflating res/layout/notification_template_part_time.xml
[DEBUG]  Deflating res/layout/select_dialog_item_material.xml
[DEBUG]  Deflating res/layout/select_dialog_multichoice_material.xml
[DEBUG]  Deflating res/layout/select_dialog_singlechoice_material.xml
[DEBUG]  Deflating res/layout/support_simple_spinner_dropdown_item.xml
[DEBUG]  Deflating res/layout/titanium_tabgroup.xml
[DEBUG]  Deflating res/layout/titanium_ui_checkbox.xml
[DEBUG]  Deflating res/layout/titanium_ui_date_picker_spinner.xml
[DEBUG]  Deflating res/layout/titanium_ui_edittext.xml
[DEBUG]  Deflating res/layout/titanium_ui_list_header_or_footer.xml
[DEBUG]  Deflating res/layout/titanium_ui_list_item.xml
[DEBUG]  Deflating res/layout/titanium_ui_spinner.xml
[DEBUG]  Deflating res/layout/titanium_ui_switchcompat.xml
[DEBUG]  Deflating res/layout/titanium_ui_time_picker_spinner.xml
[DEBUG]  Deflating resources.arsc
[DEBUG]  Processing /Users/motiurrahman/Library/Application Support/Titanium/modules/android/com.uxcam/1.0.0/uxcam-android.jar
[DEBUG]  Processing /Users/motiurrahman/Library/Application Support/Titanium/modules/android/com.uxcam/1.0.0/lib/uxcam.jar
[DEBUG]  Processing /Users/motiurrahman/Documents/Appcelerator_Studio_Workspace/localDataBase/modules/android/com.bdtestaidl/1.0/testaidl.jar
[DEBUG]  Processing /Users/motiurrahman/Library/Application Support/Titanium/mobilesdk/osx/5.1.1.GA/android/kroll-v8.jar
[DEBUG]  Processing /Users/motiurrahman/Library/Application Support/Titanium/mobilesdk/osx/5.1.1.GA/android/modules/titanium-analytics.jar
[DEBUG]  Processing /Users/motiurrahman/Library/Application Support/Titanium/mobilesdk/osx/5.1.1.GA/android/aps-analytics.jar
[DEBUG]  Processing /Users/motiurrahman/Library/Application Support/Titanium/mobilesdk/osx/5.1.1.GA/android/modules/titanium-android.jar
[DEBUG]  Processing /Users/motiurrahman/Library/Application Support/Titanium/mobilesdk/osx/5.1.1.GA/android/jaxen-1.1.1.jar
[DEBUG]  Processing /Users/motiurrahman/Library/Application Support/Titanium/mobilesdk/osx/5.1.1.GA/android/ti-commons-codec-1.3.jar
[DEBUG]  Processing /Users/motiurrahman/Library/Application Support/Titanium/mobilesdk/osx/5.1.1.GA/android/kroll-common.jar
[DEBUG]  Processing /Users/motiurrahman/Library/Application Support/Titanium/mobilesdk/osx/5.1.1.GA/android/titanium.jar
[DEBUG]  Deflating org/appcelerator/titanium/build.properties
[DEBUG]  Adding org/appcelerator/titanium/res/drawable/background.png
[DEBUG]  Adding org/appcelerator/titanium/res/drawable/btn_check_buttonless_on.png
[DEBUG]  Adding org/appcelerator/titanium/res/drawable/btn_check_buttonless_on_100.png
[DEBUG]  Adding org/appcelerator/titanium/res/drawable/btn_check_buttonless_on_18.png
[DEBUG]  Adding org/appcelerator/titanium/res/drawable/btn_check_buttonless_on_48.png
[DEBUG]  Adding org/appcelerator/titanium/res/drawable/btn_check_buttonless_on_64.png
[DEBUG]  Adding org/appcelerator/titanium/res/drawable/btn_more.png
[DEBUG]  Adding org/appcelerator/titanium/res/drawable/btn_more_100.png
[DEBUG]  Adding org/appcelerator/titanium/res/drawable/btn_more_18.png
[DEBUG]  Adding org/appcelerator/titanium/res/drawable/btn_more_48.png
[DEBUG]  Adding org/appcelerator/titanium/res/drawable/btn_more_64.png
[DEBUG]  Adding org/appcelerator/titanium/res/drawable/btn_picker_normal.9.png
[DEBUG]  Adding org/appcelerator/titanium/res/drawable/btn_picker_pressed.9.png
[DEBUG]  Adding org/appcelerator/titanium/res/drawable/btn_picker_selected.9.png
[DEBUG]  Adding org/appcelerator/titanium/res/drawable/default_icon.png
[DEBUG]  Adding org/appcelerator/titanium/res/drawable/photoDefault.png
[DEBUG]  Processing /Users/motiurrahman/Library/Application Support/Titanium/mobilesdk/osx/5.1.1.GA/android/modules/titanium-app.jar
[DEBUG]  Processing /Users/motiurrahman/Library/Application Support/Titanium/mobilesdk/osx/5.1.1.GA/android/modules/titanium-ui.jar
[DEBUG]  Deflating ti/modules/titanium/ui/widget/webview/binding.js
[DEBUG]  Deflating ti/modules/titanium/ui/widget/webview/binding.min.js
[DEBUG]  Deflating ti/modules/titanium/ui/widget/webview/json2.js
[DEBUG]  Deflating ti/modules/titanium/ui/widget/webview/polling.js
[DEBUG]  Deflating ti/modules/titanium/ui/widget/webview/polling.min.js
[DEBUG]  Processing /Users/motiurrahman/Library/Application Support/Titanium/mobilesdk/osx/5.1.1.GA/android/nineoldandroids-appc-2.4.0.jar
[DEBUG]  Processing /Users/motiurrahman/Library/Application Support/Titanium/mobilesdk/osx/5.1.1.GA/android/modules/titanium-filesystem.jar
[DEBUG]  Processing /Users/motiurrahman/Library/Application Support/Titanium/mobilesdk/osx/5.1.1.GA/android/modules/titanium-media.jar
[DEBUG]  Processing /Users/motiurrahman/Library/Application Support/Titanium/mobilesdk/osx/5.1.1.GA/android/modules/titanium-appcompat.jar
[DEBUG]  Processing /Users/motiurrahman/Library/Application Support/Titanium/mobilesdk/osx/5.1.1.GA/android/android-support-v4.jar
[DEBUG]  Processing /Users/motiurrahman/Library/Application Support/Titanium/mobilesdk/osx/5.1.1.GA/android/android-support-v7-appcompat.jar
[DEBUG]  Processing /Users/motiurrahman/Library/Application Support/Titanium/mobilesdk/osx/5.1.1.GA/android/modules/titanium-cardview.jar
[DEBUG]  Processing /Users/motiurrahman/Library/Application Support/Titanium/mobilesdk/osx/5.1.1.GA/android/cardview-v7-23.0.1.jar
[DEBUG]  Processing /Users/motiurrahman/Library/Application Support/Titanium/mobilesdk/osx/5.1.1.GA/android/modules/titanium-locale.jar
[DEBUG]  Processing /Users/motiurrahman/Library/Application Support/Titanium/mobilesdk/osx/5.1.1.GA/android/modules/titanium-network.jar
[DEBUG]  Processing /Users/motiurrahman/Library/Application Support/Titanium/mobilesdk/osx/5.1.1.GA/android/modules/titanium-xml.jar
[DEBUG]  Processing /Users/motiurrahman/Library/Application Support/Titanium/mobilesdk/osx/5.1.1.GA/android/modules/titanium-utils.jar
[DEBUG]  Processing /Users/motiurrahman/Library/Application Support/Titanium/mobilesdk/osx/5.1.1.GA/android/modules/titanium-geolocation.jar
[DEBUG]  Processing /Users/motiurrahman/Library/Application Support/Titanium/mobilesdk/osx/5.1.1.GA/android/modules/titanium-accelerometer.jar
[DEBUG]  Processing /Users/motiurrahman/Library/Application Support/Titanium/mobilesdk/osx/5.1.1.GA/android/modules/titanium-contacts.jar
[DEBUG]  Processing /Users/motiurrahman/Library/Application Support/Titanium/mobilesdk/osx/5.1.1.GA/android/modules/titanium-map.jar
[DEBUG]  Processing /Users/motiurrahman/Library/Application Support/Titanium/mobilesdk/osx/5.1.1.GA/android/modules/titanium-calendar.jar
[DEBUG]  Processing /Users/motiurrahman/Library/Application Support/Titanium/mobilesdk/osx/5.1.1.GA/android/modules/titanium-gesture.jar
[DEBUG]  Processing /Users/motiurrahman/Library/Application Support/Titanium/mobilesdk/osx/5.1.1.GA/android/modules/titanium-platform.jar
[DEBUG]  Processing /Users/motiurrahman/Library/Application Support/Titanium/mobilesdk/osx/5.1.1.GA/android/modules/titanium-database.jar
[DEBUG]  Adding classes.dex
[INFO]   Processing /Users/motiurrahman/Documents/Appcelerator_Studio_Workspace/localDataBase/build/android/src
[DEBUG]  Adding lib/armeabi/libkroll-v8.so
[DEBUG]  Adding lib/armeabi/libstlport_shared.so
[DEBUG]  Adding lib/armeabi/libtiverify.so
[DEBUG]  Adding lib/armeabi-v7a/libkroll-v8.so
[DEBUG]  Adding lib/armeabi-v7a/libstlport_shared.so
[DEBUG]  Adding lib/armeabi-v7a/libtiverify.so
[DEBUG]  Adding lib/x86/libkroll-v8.so
[DEBUG]  Adding lib/x86/libstlport_shared.so
[DEBUG]  Adding lib/x86/libtiverify.so
[DEBUG]  Adding lib/armeabi/libcom.uxcam.so
[DEBUG]  Adding lib/armeabi-v7a/libcom.uxcam.so
[DEBUG]  Adding lib/x86/libcom.uxcam.so
[DEBUG]  Adding lib/armeabi/libcom.bdtestaidl.so
[DEBUG]  Adding lib/armeabi-v7a/libcom.bdtestaidl.so
[DEBUG]  Adding lib/x86/libcom.bdtestaidl.so
[INFO]   Writing unsigned apk: /Users/motiurrahman/Documents/Appcelerator_Studio_Workspace/localDataBase/build/android/bin/app-unsigned.apk
[TRACE]  Emulator is not booted yet; checking again in 2000 ms
[TRACE]  Emulator is not booted yet; checking again in 2000 ms
[TRACE]  Emulator is not booted yet; checking again in 2000 ms
[TRACE]  Emulator is not booted yet; checking again in 2000 ms
[INFO]   Using MD5withRSA signature algorithm
[INFO]   Signing apk: /Library/Java/JavaVirtualMachines/jdk1.8.0_66.jdk/Contents/Home/bin/jarsigner "-sigalg" "MD5withRSA" "-digestalg" "SHA1" "-keystore" "/Users/motiurrahman/Library/Application Support/Titanium/mobilesdk/osx/5.1.1.GA/android/dev_keystore" "-storepass" "*******" "-signedjar" "/Users/motiurrahman/Documents/Appcelerator_Studio_Workspace/localDataBase/build/android/bin/localDataBase.apk" "/Users/motiurrahman/Documents/Appcelerator_Studio_Workspace/localDataBase/build/android/bin/app-unsigned.apk" "tidev"
[TRACE]  Emulator is not booted yet; checking again in 2000 ms
[TRACE]  Emulator is not booted yet; checking again in 2000 ms
[INFO]   Aligning zip file: /Users/motiurrahman/Library/android-sdk-macosx/build-tools/23.0.2/zipalign "-v" "4" "/Users/motiurrahman/Documents/Appcelerator_Studio_Workspace/localDataBase/build/android/bin/localDataBase.apk" "/Users/motiurrahman/Documents/Appcelerator_Studio_Workspace/localDataBase/build/android/bin/localDataBase.apkz"
[INFO]   Writing build manifest: /Users/motiurrahman/Documents/Appcelerator_Studio_Workspace/localDataBase/build/android/build-manifest.json
[INFO]   Making sure the adb server is running
[TRACE]  Emulator is not booted yet; checking again in 2000 ms
[INFO]   Waiting for emulator to become ready...
[TRACE]  Emulator is not booted yet; checking again in 2000 ms
[TRACE]  Emulator is not booted yet; checking again in 2000 ms
[TRACE]  Emulator is not booted yet; checking again in 2000 ms
[TRACE]  Emulator is not booted yet; checking again in 2000 ms
[TRACE]  Emulator is not booted yet; checking again in 2000 ms
[TRACE]  Emulator is not booted yet; checking again in 2000 ms
[TRACE]  Emulator is not booted yet; checking again in 2000 ms
[TRACE]  Emulator is not booted yet; checking again in 2000 ms
[TRACE]  Emulator is not booted yet; checking again in 2000 ms
[TRACE]  Emulator is not booted yet; checking again in 2000 ms
[TRACE]  Emulator is not booted yet; checking again in 2000 ms
[TRACE]  Emulator is not booted yet; checking again in 2000 ms
[TRACE]  Emulator is not booted yet; checking again in 2000 ms
[TRACE]  Emulator is not booted yet; checking again in 2000 ms
[TRACE]  Emulator is not booted yet; checking again in 2000 ms
[TRACE]  Emulator is not booted yet; checking again in 2000 ms
[TRACE]  Emulator is not booted yet; checking again in 2000 ms
[TRACE]  Emulator is not booted yet; checking again in 2000 ms
[TRACE]  Emulator is not booted yet; checking again in 2000 ms
[TRACE]  Emulator is not booted yet; checking again in 2000 ms
[TRACE]  Emulator is not booted yet; checking again in 2000 ms
[TRACE]  Emulator is not booted yet; checking again in 2000 ms
[TRACE]  Emulator is not booted yet; checking again in 2000 ms
[TRACE]  Emulator is not booted yet; checking again in 2000 ms
[TRACE]  Emulator is not booted yet; checking again in 2000 ms
[TRACE]  Emulator is not booted yet; checking again in 2000 ms
[TRACE]  Emulator is not booted yet; checking again in 2000 ms
[TRACE]  Emulator is booted, emitting booted event
[INFO]   Emulator is booted
[INFO]   SD card not required, skipping mount check
[INFO]   Emulator ready!
[INFO]   Installing apk: /Users/motiurrahman/Documents/Appcelerator_Studio_Workspace/localDataBase/build/android/bin/localDataBase.apk
[TRACE]  Checking if package manager service is started
[TRACE]  Package manager has started
[TRACE]  Executing: /Users/motiurrahman/Library/android-sdk-macosx/platform-tools/adb -s 192.168.56.101:5555 install -r /Users/motiurrahman/Documents/Appcelerator_Studio_Workspace/localDataBase/build/android/bin/localDataBase.apk
[INFO]   App successfully installed
[INFO]   Starting app: com.bd.localDataBase/.LocaldatabaseActivity
[DEBUG]  Trying to start the app...
[INFO]   Application pid: 1378
[INFO]   Project built successfully in 2m 36s 482ms
